{"message":"Hello there!","level":"info"}
{"message":"Testing errors too!","level":"error"}
{"message":"5000 port listening...","level":"info"}
{"message":"MongoDBga ulanish hosil qilindi...","level":"debug"}
{"message":"Hello there!","level":"info"}
{"message":"Testing errors too!","level":"error"}
{"message":"5000 port listening...","level":"info"}
{"message":"MongoDBga ulanish hosil qilindi...","level":"debug"}
{"message":"Hello there!","level":"info"}
{"message":"Hello there!","level":"info"}
{"message":"Testing errors too!","level":"error"}
{"message":"5000 port listening...","level":"info"}
{"message":"MongoDBga ulanish hosil qilindi...","level":"debug"}
{"message":"Hello there!","level":"info"}
{"message":"Hello there!","level":"info"}
{"message":"Testing errors too!","level":"error"}
{"message":"5000 port listening...","level":"info"}
{"message":"MongoDBga ulanish hosil qilindi...","level":"debug"}
{"message":"Hello there!","level":"info"}
{"message":"Hello there!","level":"info"}
{"message":"Hello there!","level":"info"}
{"message":"Testing errors too!","level":"error"}
{"message":"5000 port listening...","level":"info"}
{"message":"MongoDBga ulanish hosil qilindi...","level":"debug"}
{"message":"Hello there!","level":"info"}
{"message":"Testing errors too!","level":"error"}
{"message":"5000 port listening...","level":"info"}
{"message":"MongoDBga ulanish hosil qilindi...","level":"debug"}
{"message":"Hello there!","level":"info"}
{"message":"Hello there!","level":"info"}
{"message":"Testing errors too!","level":"error"}
{"message":"5000 port listening...","level":"info"}
{"message":"MongoDBga ulanish hosil qilindi...","level":"debug"}
{"message":"Hello there!","level":"info"}
{"message":"Testing errors too!","level":"error"}
{"message":"5000 port listening...","level":"info"}
{"message":"MongoDBga ulanish hosil qilindi...","level":"debug"}
{"message":"Hello there!","level":"info"}
{"message":"Testing errors too!","level":"error"}
{"message":"5000 port listening...","level":"info"}
{"message":"MongoDBga ulanish hosil qilindi...","level":"debug"}
{"message":"Hello there!","level":"info"}
{"message":"Testing errors too!","level":"error"}
{"message":"5000 port listening...","level":"info"}
{"message":"MongoDBga ulanish hosil qilindi...","level":"debug"}
{"message":"Hello there!","level":"info"}
{"message":"Testing errors too!","level":"error"}
{"message":"5000 port listening...","level":"info"}
{"message":"MongoDBga ulanish hosil qilindi...","level":"debug"}
{"message":"Hello there!","level":"info"}
{"message":"Hello there!","level":"info"}
{"message":"Hello there!","level":"info"}
{"message":"Hello there!","level":"info"}
{"message":"Testing errors too!","level":"error"}
{"message":"5000 port listening...","level":"info"}
{"message":"MongoDBga ulanish hosil qilindi...","level":"debug"}
{"message":"Hello there!","level":"info"}
{"message":"Testing errors too!","level":"error"}
{"message":"5000 port listening...","level":"info"}
{"message":"MongoDBga ulanish hosil qilindi...","level":"debug"}
{"message":"Hello there!","level":"info"}
{"message":"Testing errors too!","level":"error"}
{"message":"5000 port listening...","level":"info"}
{"message":"MongoDBga ulanish hosil qilindi...","level":"debug"}
{"message":"Hello there!","level":"info"}
{"message":"Testing errors too!","level":"error"}
{"message":"5000 port listening...","level":"info"}
{"message":"MongoDBga ulanish hosil qilindi...","level":"debug"}
{"message":"Hello there!","level":"info"}
{"message":"Testing errors too!","level":"error"}
{"message":"5000 port listening...","level":"info"}
{"message":"MongoDBga ulanish hosil qilindi...","level":"debug"}
{"message":"Hello there!","level":"info"}
{"message":"Testing errors too!","level":"error"}
{"message":"5000 port listening...","level":"info"}
{"message":"MongoDBga ulanish hosil qilindi...","level":"debug"}
{"message":"Hello there!","level":"info"}
{"message":"Testing errors too!","level":"error"}
{"message":"5000 port listening...","level":"info"}
{"message":"MongoDBga ulanish hosil qilindi...","level":"debug"}
{"message":"Hello there!","level":"info"}
{"message":"Testing errors too!","level":"error"}
{"message":"5000 port listening...","level":"info"}
{"message":"MongoDBga ulanish hosil qilindi...","level":"debug"}
{"message":"Hello there!","level":"info"}
{"message":"Testing errors too!","level":"error"}
{"message":"5000 port listening...","level":"info"}
{"message":"MongoDBga ulanish hosil qilindi...","level":"debug"}
{"message":"Hello there!","level":"info"}
{"message":"Testing errors too!","level":"error"}
{"message":"5000 port listening...","level":"info"}
{"message":"MongoDBga ulanish hosil qilindi...","level":"debug"}
{"message":"Hello there!","level":"info"}
{"message":"Testing errors too!","level":"error"}
{"message":"5000 port listening...","level":"info"}
{"message":"MongoDBga ulanish hosil qilindi...","level":"debug"}
{"message":"Hello there!","level":"info"}
{"message":"Testing errors too!","level":"error"}
{"message":"5000 port listening...","level":"info"}
{"message":"MongoDBga ulanish hosil qilindi...","level":"debug"}
{"message":"Hello there!","level":"info"}
{"message":"Testing errors too!","level":"error"}
{"message":"5000 port listening...","level":"info"}
{"message":"MongoDBga ulanish hosil qilindi...","level":"debug"}
{"message":"Hello there!","level":"info"}
{"message":"Testing errors too!","level":"error"}
{"message":"5000 port listening...","level":"info"}
{"message":"MongoDBga ulanish hosil qilindi...","level":"debug"}
{"message":"Hello there!","level":"info"}
{"message":"Testing errors too!","level":"error"}
{"message":"5000 port listening...","level":"info"}
{"message":"MongoDBga ulanish hosil qilindi...","level":"debug"}
{"message":"Hello there!","level":"info"}
{"message":"Testing errors too!","level":"error"}
{"message":"5000 port listening...","level":"info"}
{"message":"MongoDBga ulanish hosil qilindi...","level":"debug"}
{"message":"Hello there!","level":"info"}
{"message":"Testing errors too!","level":"error"}
{"message":"5000 port listening...","level":"info"}
{"message":"MongoDBga ulanish hosil qilindi...","level":"debug"}
{"message":"Hello there!","level":"info"}
{"message":"Testing errors too!","level":"error"}
{"message":"5000 port listening...","level":"info"}
{"message":"MongoDBga ulanish hosil qilindi...","level":"debug"}
{"message":"Hello there!","level":"info"}
{"message":"Testing errors too!","level":"error"}
{"message":"5000 port listening...","level":"info"}
{"message":"MongoDBga ulanish hosil qilindi...","level":"debug"}
{"message":"Hello there!","level":"info"}
{"message":"Testing errors too!","level":"error"}
{"message":"5000 port listening...","level":"info"}
{"message":"MongoDBga ulanish hosil qilindi...","level":"debug"}
{"message":"Hello there!","level":"info"}
{"message":"Testing errors too!","level":"error"}
{"message":"5000 port listening...","level":"info"}
{"message":"MongoDBga ulanish hosil qilindi...","level":"debug"}
{"message":"Hello there!","level":"info"}
{"message":"Testing errors too!","level":"error"}
{"message":"5000 port listening...","level":"info"}
{"message":"MongoDBga ulanish hosil qilindi...","level":"debug"}
{"message":"Hello there!","level":"info"}
{"message":"Testing errors too!","level":"error"}
{"message":"5000 port listening...","level":"info"}
{"message":"MongoDBga ulanish hosil qilindi...","level":"debug"}
{"message":"Hello there!","level":"info"}
{"message":"Testing errors too!","level":"error"}
{"message":"5000 port listening...","level":"info"}
{"message":"MongoDBga ulanish hosil qilindi...","level":"debug"}
{"message":"Hello there!","level":"info"}
{"message":"Testing errors too!","level":"error"}
{"message":"5000 port listening...","level":"info"}
{"message":"MongoDBga ulanish hosil qilindi...","level":"debug"}
{"message":"Hello there!","level":"info"}
{"message":"Testing errors too!","level":"error"}
{"message":"5000 port listening...","level":"info"}
{"message":"MongoDBga ulanish hosil qilindi...","level":"debug"}
{"message":"Hello there!","level":"info"}
{"message":"Testing errors too!","level":"error"}
{"message":"5000 port listening...","level":"info"}
{"message":"MongoDBga ulanish hosil qilindi...","level":"debug"}
{"errors":{"name":{"name":"ValidatorError","message":"Path `name` (`ccccccccccccccccccccccccccccccccccccccccccccccccccc`) is longer than the maximum allowed length (50).","properties":{"message":"Path `name` (`ccccccccccccccccccccccccccccccccccccccccccccccccccc`) is longer than the maximum allowed length (50).","type":"maxlength","maxlength":50,"path":"name","value":"ccccccccccccccccccccccccccccccccccccccccccccccccccc"},"kind":"maxlength","path":"name","value":"ccccccccccccccccccccccccccccccccccccccccccccccccccc"}},"_message":"Category validation failed","level":"error","message":"Category validation failed: name: Path `name` (`ccccccccccccccccccccccccccccccccccccccccccccccccccc`) is longer than the maximum allowed length (50). Category validation failed: name: Path `name` (`ccccccccccccccccccccccccccccccccccccccccccccccccccc`) is longer than the maximum allowed length (50).","stack":"ValidationError: Category validation failed: name: Path `name` (`ccccccccccccccccccccccccccccccccccccccccccccccccccc`) is longer than the maximum allowed length (50).\n    at model.Object.<anonymous>.Document.invalidate (D:\\WebStormProjects\\node-express\\21-Topshiriq\\node_modules\\mongoose\\lib\\document.js:2626:32)\n    at D:\\WebStormProjects\\node-express\\21-Topshiriq\\node_modules\\mongoose\\lib\\document.js:2446:17\n    at D:\\WebStormProjects\\node-express\\21-Topshiriq\\node_modules\\mongoose\\lib\\schematype.js:1225:9\n    at processTicksAndRejections (internal/process/task_queues.js:79:11)"}
{"errors":{"name":{"name":"ValidatorError","message":"Path `name` (`ccccccccccccccccccccccccccccccccccccccccccccccccccc`) is longer than the maximum allowed length (50).","properties":{"message":"Path `name` (`ccccccccccccccccccccccccccccccccccccccccccccccccccc`) is longer than the maximum allowed length (50).","type":"maxlength","maxlength":50,"path":"name","value":"ccccccccccccccccccccccccccccccccccccccccccccccccccc"},"kind":"maxlength","path":"name","value":"ccccccccccccccccccccccccccccccccccccccccccccccccccc"}},"_message":"Category validation failed","level":"error","message":"Category validation failed: name: Path `name` (`ccccccccccccccccccccccccccccccccccccccccccccccccccc`) is longer than the maximum allowed length (50). Category validation failed: name: Path `name` (`ccccccccccccccccccccccccccccccccccccccccccccccccccc`) is longer than the maximum allowed length (50).","stack":"ValidationError: Category validation failed: name: Path `name` (`ccccccccccccccccccccccccccccccccccccccccccccccccccc`) is longer than the maximum allowed length (50).\n    at model.Object.<anonymous>.Document.invalidate (D:\\WebStormProjects\\node-express\\21-Topshiriq\\node_modules\\mongoose\\lib\\document.js:2626:32)\n    at D:\\WebStormProjects\\node-express\\21-Topshiriq\\node_modules\\mongoose\\lib\\document.js:2446:17\n    at D:\\WebStormProjects\\node-express\\21-Topshiriq\\node_modules\\mongoose\\lib\\schematype.js:1225:9\n    at processTicksAndRejections (internal/process/task_queues.js:79:11)"}
{"driver":true,"name":"MongoError","index":0,"code":11000,"keyPattern":{"name":1},"keyValue":{"name":"Alexa"},"level":"error","message":"E11000 duplicate key error collection: onlineClassDB.categories index: name_1 dup key: { name: \"Alexa\" } E11000 duplicate key error collection: onlineClassDB.categories index: name_1 dup key: { name: \"Alexa\" }","stack":"MongoError: E11000 duplicate key error collection: onlineClassDB.categories index: name_1 dup key: { name: \"Alexa\" }\n    at Function.create (D:\\WebStormProjects\\node-express\\21-Topshiriq\\node_modules\\mongodb\\lib\\core\\error.js:57:12)\n    at toError (D:\\WebStormProjects\\node-express\\21-Topshiriq\\node_modules\\mongodb\\lib\\utils.js:123:22)\n    at D:\\WebStormProjects\\node-express\\21-Topshiriq\\node_modules\\mongodb\\lib\\operations\\common_functions.js:265:39\n    at handler (D:\\WebStormProjects\\node-express\\21-Topshiriq\\node_modules\\mongodb\\lib\\core\\sdam\\topology.js:942:24)\n    at D:\\WebStormProjects\\node-express\\21-Topshiriq\\node_modules\\mongodb\\lib\\cmap\\connection_pool.js:350:13\n    at handleOperationResult (D:\\WebStormProjects\\node-express\\21-Topshiriq\\node_modules\\mongodb\\lib\\core\\sdam\\server.js:558:5)\n    at MessageStream.messageHandler (D:\\WebStormProjects\\node-express\\21-Topshiriq\\node_modules\\mongodb\\lib\\cmap\\connection.js:277:5)\n    at MessageStream.emit (events.js:311:20)\n    at processIncomingData (D:\\WebStormProjects\\node-express\\21-Topshiriq\\node_modules\\mongodb\\lib\\cmap\\message_stream.js:144:12)\n    at MessageStream._write (D:\\WebStormProjects\\node-express\\21-Topshiriq\\node_modules\\mongodb\\lib\\cmap\\message_stream.js:42:5)\n    at doWrite (_stream_writable.js:441:12)\n    at writeOrBuffer (_stream_writable.js:425:5)\n    at MessageStream.Writable.write (_stream_writable.js:316:11)\n    at Socket.ondata (_stream_readable.js:714:22)\n    at Socket.emit (events.js:311:20)\n    at addChunk (_stream_readable.js:294:12)\n    at readableAddChunk (_stream_readable.js:275:11)\n    at Socket.Readable.push (_stream_readable.js:209:10)\n    at TCP.onStreamRead (internal/stream_base_commons.js:186:23)"}
{"message":"Hello there!","level":"info"}
{"message":"Testing errors too!","level":"error"}
{"message":"5000 port listening...","level":"info"}
{"message":"MongoDBga ulanish hosil qilindi...","level":"debug"}
{"driver":true,"name":"MongoError","index":0,"code":11000,"keyPattern":{"name":1},"keyValue":{"name":"Alexa"},"level":"error","message":"E11000 duplicate key error collection: onlineClassDB.categories index: name_1 dup key: { name: \"Alexa\" } E11000 duplicate key error collection: onlineClassDB.categories index: name_1 dup key: { name: \"Alexa\" }","stack":"MongoError: E11000 duplicate key error collection: onlineClassDB.categories index: name_1 dup key: { name: \"Alexa\" }\n    at Function.create (D:\\WebStormProjects\\node-express\\21-Topshiriq\\node_modules\\mongodb\\lib\\core\\error.js:57:12)\n    at toError (D:\\WebStormProjects\\node-express\\21-Topshiriq\\node_modules\\mongodb\\lib\\utils.js:123:22)\n    at D:\\WebStormProjects\\node-express\\21-Topshiriq\\node_modules\\mongodb\\lib\\operations\\common_functions.js:265:39\n    at handler (D:\\WebStormProjects\\node-express\\21-Topshiriq\\node_modules\\mongodb\\lib\\core\\sdam\\topology.js:942:24)\n    at D:\\WebStormProjects\\node-express\\21-Topshiriq\\node_modules\\mongodb\\lib\\cmap\\connection_pool.js:350:13\n    at handleOperationResult (D:\\WebStormProjects\\node-express\\21-Topshiriq\\node_modules\\mongodb\\lib\\core\\sdam\\server.js:558:5)\n    at MessageStream.messageHandler (D:\\WebStormProjects\\node-express\\21-Topshiriq\\node_modules\\mongodb\\lib\\cmap\\connection.js:277:5)\n    at MessageStream.emit (events.js:311:20)\n    at processIncomingData (D:\\WebStormProjects\\node-express\\21-Topshiriq\\node_modules\\mongodb\\lib\\cmap\\message_stream.js:144:12)\n    at MessageStream._write (D:\\WebStormProjects\\node-express\\21-Topshiriq\\node_modules\\mongodb\\lib\\cmap\\message_stream.js:42:5)\n    at doWrite (_stream_writable.js:441:12)\n    at writeOrBuffer (_stream_writable.js:425:5)\n    at MessageStream.Writable.write (_stream_writable.js:316:11)\n    at Socket.ondata (_stream_readable.js:714:22)\n    at Socket.emit (events.js:311:20)\n    at addChunk (_stream_readable.js:294:12)\n    at readableAddChunk (_stream_readable.js:275:11)\n    at Socket.Readable.push (_stream_readable.js:209:10)\n    at TCP.onStreamRead (internal/stream_base_commons.js:186:23)"}
{"driver":true,"name":"MongoError","index":0,"code":11000,"keyPattern":{"name":1},"keyValue":{"name":"Alexa"},"level":"error","message":"E11000 duplicate key error collection: onlineClassDB.categories index: name_1 dup key: { name: \"Alexa\" } E11000 duplicate key error collection: onlineClassDB.categories index: name_1 dup key: { name: \"Alexa\" }","stack":"MongoError: E11000 duplicate key error collection: onlineClassDB.categories index: name_1 dup key: { name: \"Alexa\" }\n    at Function.create (D:\\WebStormProjects\\node-express\\21-Topshiriq\\node_modules\\mongodb\\lib\\core\\error.js:57:12)\n    at toError (D:\\WebStormProjects\\node-express\\21-Topshiriq\\node_modules\\mongodb\\lib\\utils.js:123:22)\n    at D:\\WebStormProjects\\node-express\\21-Topshiriq\\node_modules\\mongodb\\lib\\operations\\common_functions.js:265:39\n    at handler (D:\\WebStormProjects\\node-express\\21-Topshiriq\\node_modules\\mongodb\\lib\\core\\sdam\\topology.js:942:24)\n    at D:\\WebStormProjects\\node-express\\21-Topshiriq\\node_modules\\mongodb\\lib\\cmap\\connection_pool.js:350:13\n    at handleOperationResult (D:\\WebStormProjects\\node-express\\21-Topshiriq\\node_modules\\mongodb\\lib\\core\\sdam\\server.js:558:5)\n    at MessageStream.messageHandler (D:\\WebStormProjects\\node-express\\21-Topshiriq\\node_modules\\mongodb\\lib\\cmap\\connection.js:277:5)\n    at MessageStream.emit (events.js:311:20)\n    at processIncomingData (D:\\WebStormProjects\\node-express\\21-Topshiriq\\node_modules\\mongodb\\lib\\cmap\\message_stream.js:144:12)\n    at MessageStream._write (D:\\WebStormProjects\\node-express\\21-Topshiriq\\node_modules\\mongodb\\lib\\cmap\\message_stream.js:42:5)\n    at doWrite (_stream_writable.js:441:12)\n    at writeOrBuffer (_stream_writable.js:425:5)\n    at MessageStream.Writable.write (_stream_writable.js:316:11)\n    at Socket.ondata (_stream_readable.js:714:22)\n    at Socket.emit (events.js:311:20)\n    at addChunk (_stream_readable.js:294:12)\n    at readableAddChunk (_stream_readable.js:275:11)\n    at Socket.Readable.push (_stream_readable.js:209:10)\n    at TCP.onStreamRead (internal/stream_base_commons.js:186:23)"}
{"message":"Hello there!","level":"info"}
{"message":"Testing errors too!","level":"error"}
{"message":"5000 port listening...","level":"info"}
{"message":"MongoDBga ulanish hosil qilindi...","level":"debug"}
{"driver":true,"name":"MongoError","index":0,"code":11000,"keyPattern":{"name":1},"keyValue":{"name":"Alexa"},"level":"error","message":"E11000 duplicate key error collection: onlineClassDB.categories index: name_1 dup key: { name: \"Alexa\" } E11000 duplicate key error collection: onlineClassDB.categories index: name_1 dup key: { name: \"Alexa\" }","stack":"MongoError: E11000 duplicate key error collection: onlineClassDB.categories index: name_1 dup key: { name: \"Alexa\" }\n    at Function.create (D:\\WebStormProjects\\node-express\\21-Topshiriq\\node_modules\\mongodb\\lib\\core\\error.js:57:12)\n    at toError (D:\\WebStormProjects\\node-express\\21-Topshiriq\\node_modules\\mongodb\\lib\\utils.js:123:22)\n    at D:\\WebStormProjects\\node-express\\21-Topshiriq\\node_modules\\mongodb\\lib\\operations\\common_functions.js:265:39\n    at handler (D:\\WebStormProjects\\node-express\\21-Topshiriq\\node_modules\\mongodb\\lib\\core\\sdam\\topology.js:942:24)\n    at D:\\WebStormProjects\\node-express\\21-Topshiriq\\node_modules\\mongodb\\lib\\cmap\\connection_pool.js:350:13\n    at handleOperationResult (D:\\WebStormProjects\\node-express\\21-Topshiriq\\node_modules\\mongodb\\lib\\core\\sdam\\server.js:558:5)\n    at MessageStream.messageHandler (D:\\WebStormProjects\\node-express\\21-Topshiriq\\node_modules\\mongodb\\lib\\cmap\\connection.js:277:5)\n    at MessageStream.emit (events.js:311:20)\n    at processIncomingData (D:\\WebStormProjects\\node-express\\21-Topshiriq\\node_modules\\mongodb\\lib\\cmap\\message_stream.js:144:12)\n    at MessageStream._write (D:\\WebStormProjects\\node-express\\21-Topshiriq\\node_modules\\mongodb\\lib\\cmap\\message_stream.js:42:5)\n    at doWrite (_stream_writable.js:441:12)\n    at writeOrBuffer (_stream_writable.js:425:5)\n    at MessageStream.Writable.write (_stream_writable.js:316:11)\n    at Socket.ondata (_stream_readable.js:714:22)\n    at Socket.emit (events.js:311:20)\n    at addChunk (_stream_readable.js:294:12)\n    at readableAddChunk (_stream_readable.js:275:11)\n    at Socket.Readable.push (_stream_readable.js:209:10)\n    at TCP.onStreamRead (internal/stream_base_commons.js:186:23)"}
{"driver":true,"name":"MongoError","index":0,"code":11000,"keyPattern":{"name":1},"keyValue":{"name":"Alexa"},"level":"error","message":"E11000 duplicate key error collection: onlineClassDB.categories index: name_1 dup key: { name: \"Alexa\" } E11000 duplicate key error collection: onlineClassDB.categories index: name_1 dup key: { name: \"Alexa\" }","stack":"MongoError: E11000 duplicate key error collection: onlineClassDB.categories index: name_1 dup key: { name: \"Alexa\" }\n    at Function.create (D:\\WebStormProjects\\node-express\\21-Topshiriq\\node_modules\\mongodb\\lib\\core\\error.js:57:12)\n    at toError (D:\\WebStormProjects\\node-express\\21-Topshiriq\\node_modules\\mongodb\\lib\\utils.js:123:22)\n    at D:\\WebStormProjects\\node-express\\21-Topshiriq\\node_modules\\mongodb\\lib\\operations\\common_functions.js:265:39\n    at handler (D:\\WebStormProjects\\node-express\\21-Topshiriq\\node_modules\\mongodb\\lib\\core\\sdam\\topology.js:942:24)\n    at D:\\WebStormProjects\\node-express\\21-Topshiriq\\node_modules\\mongodb\\lib\\cmap\\connection_pool.js:350:13\n    at handleOperationResult (D:\\WebStormProjects\\node-express\\21-Topshiriq\\node_modules\\mongodb\\lib\\core\\sdam\\server.js:558:5)\n    at MessageStream.messageHandler (D:\\WebStormProjects\\node-express\\21-Topshiriq\\node_modules\\mongodb\\lib\\cmap\\connection.js:277:5)\n    at MessageStream.emit (events.js:311:20)\n    at processIncomingData (D:\\WebStormProjects\\node-express\\21-Topshiriq\\node_modules\\mongodb\\lib\\cmap\\message_stream.js:144:12)\n    at MessageStream._write (D:\\WebStormProjects\\node-express\\21-Topshiriq\\node_modules\\mongodb\\lib\\cmap\\message_stream.js:42:5)\n    at doWrite (_stream_writable.js:441:12)\n    at writeOrBuffer (_stream_writable.js:425:5)\n    at MessageStream.Writable.write (_stream_writable.js:316:11)\n    at Socket.ondata (_stream_readable.js:714:22)\n    at Socket.emit (events.js:311:20)\n    at addChunk (_stream_readable.js:294:12)\n    at readableAddChunk (_stream_readable.js:275:11)\n    at Socket.Readable.push (_stream_readable.js:209:10)\n    at TCP.onStreamRead (internal/stream_base_commons.js:186:23)"}
{"message":"Hello there!","level":"info"}
{"message":"Testing errors too!","level":"error"}
{"message":"5000 port listening...","level":"info"}
{"message":"MongoDBga ulanish hosil qilindi...","level":"debug"}
{"driver":true,"name":"MongoError","index":0,"code":11000,"keyPattern":{"name":1},"keyValue":{"name":"Alexa"},"level":"error","message":"E11000 duplicate key error collection: onlineClassDB.categories index: name_1 dup key: { name: \"Alexa\" } E11000 duplicate key error collection: onlineClassDB.categories index: name_1 dup key: { name: \"Alexa\" }","stack":"MongoError: E11000 duplicate key error collection: onlineClassDB.categories index: name_1 dup key: { name: \"Alexa\" }\n    at Function.create (D:\\WebStormProjects\\node-express\\21-Topshiriq\\node_modules\\mongodb\\lib\\core\\error.js:57:12)\n    at toError (D:\\WebStormProjects\\node-express\\21-Topshiriq\\node_modules\\mongodb\\lib\\utils.js:123:22)\n    at D:\\WebStormProjects\\node-express\\21-Topshiriq\\node_modules\\mongodb\\lib\\operations\\common_functions.js:265:39\n    at handler (D:\\WebStormProjects\\node-express\\21-Topshiriq\\node_modules\\mongodb\\lib\\core\\sdam\\topology.js:942:24)\n    at D:\\WebStormProjects\\node-express\\21-Topshiriq\\node_modules\\mongodb\\lib\\cmap\\connection_pool.js:350:13\n    at handleOperationResult (D:\\WebStormProjects\\node-express\\21-Topshiriq\\node_modules\\mongodb\\lib\\core\\sdam\\server.js:558:5)\n    at MessageStream.messageHandler (D:\\WebStormProjects\\node-express\\21-Topshiriq\\node_modules\\mongodb\\lib\\cmap\\connection.js:277:5)\n    at MessageStream.emit (events.js:311:20)\n    at processIncomingData (D:\\WebStormProjects\\node-express\\21-Topshiriq\\node_modules\\mongodb\\lib\\cmap\\message_stream.js:144:12)\n    at MessageStream._write (D:\\WebStormProjects\\node-express\\21-Topshiriq\\node_modules\\mongodb\\lib\\cmap\\message_stream.js:42:5)\n    at doWrite (_stream_writable.js:441:12)\n    at writeOrBuffer (_stream_writable.js:425:5)\n    at MessageStream.Writable.write (_stream_writable.js:316:11)\n    at Socket.ondata (_stream_readable.js:714:22)\n    at Socket.emit (events.js:311:20)\n    at addChunk (_stream_readable.js:294:12)\n    at readableAddChunk (_stream_readable.js:275:11)\n    at Socket.Readable.push (_stream_readable.js:209:10)\n    at TCP.onStreamRead (internal/stream_base_commons.js:186:23)"}
{"driver":true,"name":"MongoError","index":0,"code":11000,"keyPattern":{"name":1},"keyValue":{"name":"Alexa"},"level":"error","message":"E11000 duplicate key error collection: onlineClassDB.categories index: name_1 dup key: { name: \"Alexa\" } E11000 duplicate key error collection: onlineClassDB.categories index: name_1 dup key: { name: \"Alexa\" }","stack":"MongoError: E11000 duplicate key error collection: onlineClassDB.categories index: name_1 dup key: { name: \"Alexa\" }\n    at Function.create (D:\\WebStormProjects\\node-express\\21-Topshiriq\\node_modules\\mongodb\\lib\\core\\error.js:57:12)\n    at toError (D:\\WebStormProjects\\node-express\\21-Topshiriq\\node_modules\\mongodb\\lib\\utils.js:123:22)\n    at D:\\WebStormProjects\\node-express\\21-Topshiriq\\node_modules\\mongodb\\lib\\operations\\common_functions.js:265:39\n    at handler (D:\\WebStormProjects\\node-express\\21-Topshiriq\\node_modules\\mongodb\\lib\\core\\sdam\\topology.js:942:24)\n    at D:\\WebStormProjects\\node-express\\21-Topshiriq\\node_modules\\mongodb\\lib\\cmap\\connection_pool.js:350:13\n    at handleOperationResult (D:\\WebStormProjects\\node-express\\21-Topshiriq\\node_modules\\mongodb\\lib\\core\\sdam\\server.js:558:5)\n    at MessageStream.messageHandler (D:\\WebStormProjects\\node-express\\21-Topshiriq\\node_modules\\mongodb\\lib\\cmap\\connection.js:277:5)\n    at MessageStream.emit (events.js:311:20)\n    at processIncomingData (D:\\WebStormProjects\\node-express\\21-Topshiriq\\node_modules\\mongodb\\lib\\cmap\\message_stream.js:144:12)\n    at MessageStream._write (D:\\WebStormProjects\\node-express\\21-Topshiriq\\node_modules\\mongodb\\lib\\cmap\\message_stream.js:42:5)\n    at doWrite (_stream_writable.js:441:12)\n    at writeOrBuffer (_stream_writable.js:425:5)\n    at MessageStream.Writable.write (_stream_writable.js:316:11)\n    at Socket.ondata (_stream_readable.js:714:22)\n    at Socket.emit (events.js:311:20)\n    at addChunk (_stream_readable.js:294:12)\n    at readableAddChunk (_stream_readable.js:275:11)\n    at Socket.Readable.push (_stream_readable.js:209:10)\n    at TCP.onStreamRead (internal/stream_base_commons.js:186:23)"}
{"message":"Hello there!","level":"info"}
{"message":"Testing errors too!","level":"error"}
{"message":"5000 port listening...","level":"info"}
{"message":"MongoDBga ulanish hosil qilindi...","level":"debug"}
{"driver":true,"name":"MongoError","index":0,"code":11000,"keyPattern":{"name":1},"keyValue":{"name":"Alexa"},"level":"error","message":"E11000 duplicate key error collection: onlineClassDB.categories index: name_1 dup key: { name: \"Alexa\" } E11000 duplicate key error collection: onlineClassDB.categories index: name_1 dup key: { name: \"Alexa\" }","stack":"MongoError: E11000 duplicate key error collection: onlineClassDB.categories index: name_1 dup key: { name: \"Alexa\" }\n    at Function.create (D:\\WebStormProjects\\node-express\\21-Topshiriq\\node_modules\\mongodb\\lib\\core\\error.js:57:12)\n    at toError (D:\\WebStormProjects\\node-express\\21-Topshiriq\\node_modules\\mongodb\\lib\\utils.js:123:22)\n    at D:\\WebStormProjects\\node-express\\21-Topshiriq\\node_modules\\mongodb\\lib\\operations\\common_functions.js:265:39\n    at handler (D:\\WebStormProjects\\node-express\\21-Topshiriq\\node_modules\\mongodb\\lib\\core\\sdam\\topology.js:942:24)\n    at D:\\WebStormProjects\\node-express\\21-Topshiriq\\node_modules\\mongodb\\lib\\cmap\\connection_pool.js:350:13\n    at handleOperationResult (D:\\WebStormProjects\\node-express\\21-Topshiriq\\node_modules\\mongodb\\lib\\core\\sdam\\server.js:558:5)\n    at MessageStream.messageHandler (D:\\WebStormProjects\\node-express\\21-Topshiriq\\node_modules\\mongodb\\lib\\cmap\\connection.js:277:5)\n    at MessageStream.emit (events.js:311:20)\n    at processIncomingData (D:\\WebStormProjects\\node-express\\21-Topshiriq\\node_modules\\mongodb\\lib\\cmap\\message_stream.js:144:12)\n    at MessageStream._write (D:\\WebStormProjects\\node-express\\21-Topshiriq\\node_modules\\mongodb\\lib\\cmap\\message_stream.js:42:5)\n    at doWrite (_stream_writable.js:441:12)\n    at writeOrBuffer (_stream_writable.js:425:5)\n    at MessageStream.Writable.write (_stream_writable.js:316:11)\n    at Socket.ondata (_stream_readable.js:714:22)\n    at Socket.emit (events.js:311:20)\n    at addChunk (_stream_readable.js:294:12)\n    at readableAddChunk (_stream_readable.js:275:11)\n    at Socket.Readable.push (_stream_readable.js:209:10)\n    at TCP.onStreamRead (internal/stream_base_commons.js:186:23)"}
{"driver":true,"name":"MongoError","index":0,"code":11000,"keyPattern":{"name":1},"keyValue":{"name":"Alexa"},"level":"error","message":"E11000 duplicate key error collection: onlineClassDB.categories index: name_1 dup key: { name: \"Alexa\" } E11000 duplicate key error collection: onlineClassDB.categories index: name_1 dup key: { name: \"Alexa\" }","stack":"MongoError: E11000 duplicate key error collection: onlineClassDB.categories index: name_1 dup key: { name: \"Alexa\" }\n    at Function.create (D:\\WebStormProjects\\node-express\\21-Topshiriq\\node_modules\\mongodb\\lib\\core\\error.js:57:12)\n    at toError (D:\\WebStormProjects\\node-express\\21-Topshiriq\\node_modules\\mongodb\\lib\\utils.js:123:22)\n    at D:\\WebStormProjects\\node-express\\21-Topshiriq\\node_modules\\mongodb\\lib\\operations\\common_functions.js:265:39\n    at handler (D:\\WebStormProjects\\node-express\\21-Topshiriq\\node_modules\\mongodb\\lib\\core\\sdam\\topology.js:942:24)\n    at D:\\WebStormProjects\\node-express\\21-Topshiriq\\node_modules\\mongodb\\lib\\cmap\\connection_pool.js:350:13\n    at handleOperationResult (D:\\WebStormProjects\\node-express\\21-Topshiriq\\node_modules\\mongodb\\lib\\core\\sdam\\server.js:558:5)\n    at MessageStream.messageHandler (D:\\WebStormProjects\\node-express\\21-Topshiriq\\node_modules\\mongodb\\lib\\cmap\\connection.js:277:5)\n    at MessageStream.emit (events.js:311:20)\n    at processIncomingData (D:\\WebStormProjects\\node-express\\21-Topshiriq\\node_modules\\mongodb\\lib\\cmap\\message_stream.js:144:12)\n    at MessageStream._write (D:\\WebStormProjects\\node-express\\21-Topshiriq\\node_modules\\mongodb\\lib\\cmap\\message_stream.js:42:5)\n    at doWrite (_stream_writable.js:441:12)\n    at writeOrBuffer (_stream_writable.js:425:5)\n    at MessageStream.Writable.write (_stream_writable.js:316:11)\n    at Socket.ondata (_stream_readable.js:714:22)\n    at Socket.emit (events.js:311:20)\n    at addChunk (_stream_readable.js:294:12)\n    at readableAddChunk (_stream_readable.js:275:11)\n    at Socket.Readable.push (_stream_readable.js:209:10)\n    at TCP.onStreamRead (internal/stream_base_commons.js:186:23)"}
{"message":"Hello there!","level":"info"}
{"message":"Testing errors too!","level":"error"}
{"message":"5000 port listening...","level":"info"}
{"message":"MongoDBga ulanish hosil qilindi...","level":"debug"}
{"driver":true,"name":"MongoError","index":0,"code":11000,"keyPattern":{"name":1},"keyValue":{"name":"Alexa"},"level":"error","message":"E11000 duplicate key error collection: onlineClassDB.categories index: name_1 dup key: { name: \"Alexa\" } E11000 duplicate key error collection: onlineClassDB.categories index: name_1 dup key: { name: \"Alexa\" }","stack":"MongoError: E11000 duplicate key error collection: onlineClassDB.categories index: name_1 dup key: { name: \"Alexa\" }\n    at Function.create (D:\\WebStormProjects\\node-express\\21-Topshiriq\\node_modules\\mongodb\\lib\\core\\error.js:57:12)\n    at toError (D:\\WebStormProjects\\node-express\\21-Topshiriq\\node_modules\\mongodb\\lib\\utils.js:123:22)\n    at D:\\WebStormProjects\\node-express\\21-Topshiriq\\node_modules\\mongodb\\lib\\operations\\common_functions.js:265:39\n    at handler (D:\\WebStormProjects\\node-express\\21-Topshiriq\\node_modules\\mongodb\\lib\\core\\sdam\\topology.js:942:24)\n    at D:\\WebStormProjects\\node-express\\21-Topshiriq\\node_modules\\mongodb\\lib\\cmap\\connection_pool.js:350:13\n    at handleOperationResult (D:\\WebStormProjects\\node-express\\21-Topshiriq\\node_modules\\mongodb\\lib\\core\\sdam\\server.js:558:5)\n    at MessageStream.messageHandler (D:\\WebStormProjects\\node-express\\21-Topshiriq\\node_modules\\mongodb\\lib\\cmap\\connection.js:277:5)\n    at MessageStream.emit (events.js:311:20)\n    at processIncomingData (D:\\WebStormProjects\\node-express\\21-Topshiriq\\node_modules\\mongodb\\lib\\cmap\\message_stream.js:144:12)\n    at MessageStream._write (D:\\WebStormProjects\\node-express\\21-Topshiriq\\node_modules\\mongodb\\lib\\cmap\\message_stream.js:42:5)\n    at doWrite (_stream_writable.js:441:12)\n    at writeOrBuffer (_stream_writable.js:425:5)\n    at MessageStream.Writable.write (_stream_writable.js:316:11)\n    at Socket.ondata (_stream_readable.js:714:22)\n    at Socket.emit (events.js:311:20)\n    at addChunk (_stream_readable.js:294:12)\n    at readableAddChunk (_stream_readable.js:275:11)\n    at Socket.Readable.push (_stream_readable.js:209:10)\n    at TCP.onStreamRead (internal/stream_base_commons.js:186:23)"}
{"driver":true,"name":"MongoError","index":0,"code":11000,"keyPattern":{"name":1},"keyValue":{"name":"Alexa"},"level":"error","message":"E11000 duplicate key error collection: onlineClassDB.categories index: name_1 dup key: { name: \"Alexa\" } E11000 duplicate key error collection: onlineClassDB.categories index: name_1 dup key: { name: \"Alexa\" }","stack":"MongoError: E11000 duplicate key error collection: onlineClassDB.categories index: name_1 dup key: { name: \"Alexa\" }\n    at Function.create (D:\\WebStormProjects\\node-express\\21-Topshiriq\\node_modules\\mongodb\\lib\\core\\error.js:57:12)\n    at toError (D:\\WebStormProjects\\node-express\\21-Topshiriq\\node_modules\\mongodb\\lib\\utils.js:123:22)\n    at D:\\WebStormProjects\\node-express\\21-Topshiriq\\node_modules\\mongodb\\lib\\operations\\common_functions.js:265:39\n    at handler (D:\\WebStormProjects\\node-express\\21-Topshiriq\\node_modules\\mongodb\\lib\\core\\sdam\\topology.js:942:24)\n    at D:\\WebStormProjects\\node-express\\21-Topshiriq\\node_modules\\mongodb\\lib\\cmap\\connection_pool.js:350:13\n    at handleOperationResult (D:\\WebStormProjects\\node-express\\21-Topshiriq\\node_modules\\mongodb\\lib\\core\\sdam\\server.js:558:5)\n    at MessageStream.messageHandler (D:\\WebStormProjects\\node-express\\21-Topshiriq\\node_modules\\mongodb\\lib\\cmap\\connection.js:277:5)\n    at MessageStream.emit (events.js:311:20)\n    at processIncomingData (D:\\WebStormProjects\\node-express\\21-Topshiriq\\node_modules\\mongodb\\lib\\cmap\\message_stream.js:144:12)\n    at MessageStream._write (D:\\WebStormProjects\\node-express\\21-Topshiriq\\node_modules\\mongodb\\lib\\cmap\\message_stream.js:42:5)\n    at doWrite (_stream_writable.js:441:12)\n    at writeOrBuffer (_stream_writable.js:425:5)\n    at MessageStream.Writable.write (_stream_writable.js:316:11)\n    at Socket.ondata (_stream_readable.js:714:22)\n    at Socket.emit (events.js:311:20)\n    at addChunk (_stream_readable.js:294:12)\n    at readableAddChunk (_stream_readable.js:275:11)\n    at Socket.Readable.push (_stream_readable.js:209:10)\n    at TCP.onStreamRead (internal/stream_base_commons.js:186:23)"}
{"message":"Hello there!","level":"info"}
{"message":"Testing errors too!","level":"error"}
{"message":"5000 port listening...","level":"info"}
{"message":"MongoDBga ulanish hosil qilindi...","level":"debug"}
{"message":"Hello there!","level":"info"}
{"message":"Testing errors too!","level":"error"}
{"message":"5000 port listening...","level":"info"}
{"message":"MongoDBga ulanish hosil qilindi...","level":"debug"}
{"driver":true,"name":"MongoError","index":0,"code":11000,"keyPattern":{"name":1},"keyValue":{"name":"AI  Class"},"level":"error","message":"E11000 duplicate key error collection: onlineClassDB.categories index: name_1 dup key: { name: \"AI  Class\" } E11000 duplicate key error collection: onlineClassDB.categories index: name_1 dup key: { name: \"AI  Class\" }","stack":"MongoError: E11000 duplicate key error collection: onlineClassDB.categories index: name_1 dup key: { name: \"AI  Class\" }\n    at Function.create (D:\\WebStormProjects\\node-express\\21-Topshiriq\\node_modules\\mongodb\\lib\\core\\error.js:57:12)\n    at toError (D:\\WebStormProjects\\node-express\\21-Topshiriq\\node_modules\\mongodb\\lib\\utils.js:123:22)\n    at D:\\WebStormProjects\\node-express\\21-Topshiriq\\node_modules\\mongodb\\lib\\operations\\common_functions.js:265:39\n    at handler (D:\\WebStormProjects\\node-express\\21-Topshiriq\\node_modules\\mongodb\\lib\\core\\sdam\\topology.js:942:24)\n    at D:\\WebStormProjects\\node-express\\21-Topshiriq\\node_modules\\mongodb\\lib\\cmap\\connection_pool.js:350:13\n    at handleOperationResult (D:\\WebStormProjects\\node-express\\21-Topshiriq\\node_modules\\mongodb\\lib\\core\\sdam\\server.js:558:5)\n    at MessageStream.messageHandler (D:\\WebStormProjects\\node-express\\21-Topshiriq\\node_modules\\mongodb\\lib\\cmap\\connection.js:277:5)\n    at MessageStream.emit (events.js:311:20)\n    at processIncomingData (D:\\WebStormProjects\\node-express\\21-Topshiriq\\node_modules\\mongodb\\lib\\cmap\\message_stream.js:144:12)\n    at MessageStream._write (D:\\WebStormProjects\\node-express\\21-Topshiriq\\node_modules\\mongodb\\lib\\cmap\\message_stream.js:42:5)\n    at doWrite (_stream_writable.js:441:12)\n    at writeOrBuffer (_stream_writable.js:425:5)\n    at MessageStream.Writable.write (_stream_writable.js:316:11)\n    at Socket.ondata (_stream_readable.js:714:22)\n    at Socket.emit (events.js:311:20)\n    at addChunk (_stream_readable.js:294:12)\n    at readableAddChunk (_stream_readable.js:275:11)\n    at Socket.Readable.push (_stream_readable.js:209:10)\n    at TCP.onStreamRead (internal/stream_base_commons.js:186:23)"}
{"driver":true,"name":"MongoError","index":0,"code":11000,"keyPattern":{"name":1},"keyValue":{"name":"AI  Class"},"level":"error","message":"E11000 duplicate key error collection: onlineClassDB.categories index: name_1 dup key: { name: \"AI  Class\" } E11000 duplicate key error collection: onlineClassDB.categories index: name_1 dup key: { name: \"AI  Class\" }","stack":"MongoError: E11000 duplicate key error collection: onlineClassDB.categories index: name_1 dup key: { name: \"AI  Class\" }\n    at Function.create (D:\\WebStormProjects\\node-express\\21-Topshiriq\\node_modules\\mongodb\\lib\\core\\error.js:57:12)\n    at toError (D:\\WebStormProjects\\node-express\\21-Topshiriq\\node_modules\\mongodb\\lib\\utils.js:123:22)\n    at D:\\WebStormProjects\\node-express\\21-Topshiriq\\node_modules\\mongodb\\lib\\operations\\common_functions.js:265:39\n    at handler (D:\\WebStormProjects\\node-express\\21-Topshiriq\\node_modules\\mongodb\\lib\\core\\sdam\\topology.js:942:24)\n    at D:\\WebStormProjects\\node-express\\21-Topshiriq\\node_modules\\mongodb\\lib\\cmap\\connection_pool.js:350:13\n    at handleOperationResult (D:\\WebStormProjects\\node-express\\21-Topshiriq\\node_modules\\mongodb\\lib\\core\\sdam\\server.js:558:5)\n    at MessageStream.messageHandler (D:\\WebStormProjects\\node-express\\21-Topshiriq\\node_modules\\mongodb\\lib\\cmap\\connection.js:277:5)\n    at MessageStream.emit (events.js:311:20)\n    at processIncomingData (D:\\WebStormProjects\\node-express\\21-Topshiriq\\node_modules\\mongodb\\lib\\cmap\\message_stream.js:144:12)\n    at MessageStream._write (D:\\WebStormProjects\\node-express\\21-Topshiriq\\node_modules\\mongodb\\lib\\cmap\\message_stream.js:42:5)\n    at doWrite (_stream_writable.js:441:12)\n    at writeOrBuffer (_stream_writable.js:425:5)\n    at MessageStream.Writable.write (_stream_writable.js:316:11)\n    at Socket.ondata (_stream_readable.js:714:22)\n    at Socket.emit (events.js:311:20)\n    at addChunk (_stream_readable.js:294:12)\n    at readableAddChunk (_stream_readable.js:275:11)\n    at Socket.Readable.push (_stream_readable.js:209:10)\n    at TCP.onStreamRead (internal/stream_base_commons.js:186:23)"}
{"message":"Hello there!","level":"info"}
{"message":"Testing errors too!","level":"error"}
{"message":"5000 port listening...","level":"info"}
{"message":"MongoDBga ulanish hosil qilindi...","level":"debug"}
{"message":"Hello there!","level":"info"}
{"message":"Testing errors too!","level":"error"}
{"message":"5000 port listening...","level":"info"}
{"message":"MongoDBga ulanish hosil qilindi...","level":"debug"}
{"driver":true,"name":"MongoError","index":0,"code":11000,"keyPattern":{"name":1},"keyValue":{"name":"AI  Class"},"level":"error","message":"E11000 duplicate key error collection: onlineClassDB.categories index: name_1 dup key: { name: \"AI  Class\" } E11000 duplicate key error collection: onlineClassDB.categories index: name_1 dup key: { name: \"AI  Class\" }","stack":"MongoError: E11000 duplicate key error collection: onlineClassDB.categories index: name_1 dup key: { name: \"AI  Class\" }\n    at Function.create (D:\\WebStormProjects\\node-express\\21-Topshiriq\\node_modules\\mongodb\\lib\\core\\error.js:57:12)\n    at toError (D:\\WebStormProjects\\node-express\\21-Topshiriq\\node_modules\\mongodb\\lib\\utils.js:123:22)\n    at D:\\WebStormProjects\\node-express\\21-Topshiriq\\node_modules\\mongodb\\lib\\operations\\common_functions.js:265:39\n    at handler (D:\\WebStormProjects\\node-express\\21-Topshiriq\\node_modules\\mongodb\\lib\\core\\sdam\\topology.js:942:24)\n    at D:\\WebStormProjects\\node-express\\21-Topshiriq\\node_modules\\mongodb\\lib\\cmap\\connection_pool.js:350:13\n    at handleOperationResult (D:\\WebStormProjects\\node-express\\21-Topshiriq\\node_modules\\mongodb\\lib\\core\\sdam\\server.js:558:5)\n    at MessageStream.messageHandler (D:\\WebStormProjects\\node-express\\21-Topshiriq\\node_modules\\mongodb\\lib\\cmap\\connection.js:277:5)\n    at MessageStream.emit (events.js:311:20)\n    at processIncomingData (D:\\WebStormProjects\\node-express\\21-Topshiriq\\node_modules\\mongodb\\lib\\cmap\\message_stream.js:144:12)\n    at MessageStream._write (D:\\WebStormProjects\\node-express\\21-Topshiriq\\node_modules\\mongodb\\lib\\cmap\\message_stream.js:42:5)\n    at doWrite (_stream_writable.js:441:12)\n    at writeOrBuffer (_stream_writable.js:425:5)\n    at MessageStream.Writable.write (_stream_writable.js:316:11)\n    at Socket.ondata (_stream_readable.js:714:22)\n    at Socket.emit (events.js:311:20)\n    at addChunk (_stream_readable.js:294:12)\n    at readableAddChunk (_stream_readable.js:275:11)\n    at Socket.Readable.push (_stream_readable.js:209:10)\n    at TCP.onStreamRead (internal/stream_base_commons.js:186:23)"}
{"driver":true,"name":"MongoError","index":0,"code":11000,"keyPattern":{"name":1},"keyValue":{"name":"AI  Class"},"level":"error","message":"E11000 duplicate key error collection: onlineClassDB.categories index: name_1 dup key: { name: \"AI  Class\" } E11000 duplicate key error collection: onlineClassDB.categories index: name_1 dup key: { name: \"AI  Class\" }","stack":"MongoError: E11000 duplicate key error collection: onlineClassDB.categories index: name_1 dup key: { name: \"AI  Class\" }\n    at Function.create (D:\\WebStormProjects\\node-express\\21-Topshiriq\\node_modules\\mongodb\\lib\\core\\error.js:57:12)\n    at toError (D:\\WebStormProjects\\node-express\\21-Topshiriq\\node_modules\\mongodb\\lib\\utils.js:123:22)\n    at D:\\WebStormProjects\\node-express\\21-Topshiriq\\node_modules\\mongodb\\lib\\operations\\common_functions.js:265:39\n    at handler (D:\\WebStormProjects\\node-express\\21-Topshiriq\\node_modules\\mongodb\\lib\\core\\sdam\\topology.js:942:24)\n    at D:\\WebStormProjects\\node-express\\21-Topshiriq\\node_modules\\mongodb\\lib\\cmap\\connection_pool.js:350:13\n    at handleOperationResult (D:\\WebStormProjects\\node-express\\21-Topshiriq\\node_modules\\mongodb\\lib\\core\\sdam\\server.js:558:5)\n    at MessageStream.messageHandler (D:\\WebStormProjects\\node-express\\21-Topshiriq\\node_modules\\mongodb\\lib\\cmap\\connection.js:277:5)\n    at MessageStream.emit (events.js:311:20)\n    at processIncomingData (D:\\WebStormProjects\\node-express\\21-Topshiriq\\node_modules\\mongodb\\lib\\cmap\\message_stream.js:144:12)\n    at MessageStream._write (D:\\WebStormProjects\\node-express\\21-Topshiriq\\node_modules\\mongodb\\lib\\cmap\\message_stream.js:42:5)\n    at doWrite (_stream_writable.js:441:12)\n    at writeOrBuffer (_stream_writable.js:425:5)\n    at MessageStream.Writable.write (_stream_writable.js:316:11)\n    at Socket.ondata (_stream_readable.js:714:22)\n    at Socket.emit (events.js:311:20)\n    at addChunk (_stream_readable.js:294:12)\n    at readableAddChunk (_stream_readable.js:275:11)\n    at Socket.Readable.push (_stream_readable.js:209:10)\n    at TCP.onStreamRead (internal/stream_base_commons.js:186:23)"}
{"message":"Hello there!","level":"info"}
{"message":"Testing errors too!","level":"error"}
{"message":"5000 port listening...","level":"info"}
{"message":"MongoDBga ulanish hosil qilindi...","level":"debug"}
{"driver":true,"name":"MongoError","index":0,"code":11000,"keyPattern":{"name":1},"keyValue":{"name":"AIT  Class"},"level":"error","message":"E11000 duplicate key error collection: onlineClassDB.categories index: name_1 dup key: { name: \"AIT  Class\" } E11000 duplicate key error collection: onlineClassDB.categories index: name_1 dup key: { name: \"AIT  Class\" }","stack":"MongoError: E11000 duplicate key error collection: onlineClassDB.categories index: name_1 dup key: { name: \"AIT  Class\" }\n    at Function.create (D:\\WebStormProjects\\node-express\\21-Topshiriq\\node_modules\\mongodb\\lib\\core\\error.js:57:12)\n    at toError (D:\\WebStormProjects\\node-express\\21-Topshiriq\\node_modules\\mongodb\\lib\\utils.js:123:22)\n    at D:\\WebStormProjects\\node-express\\21-Topshiriq\\node_modules\\mongodb\\lib\\operations\\common_functions.js:265:39\n    at handler (D:\\WebStormProjects\\node-express\\21-Topshiriq\\node_modules\\mongodb\\lib\\core\\sdam\\topology.js:942:24)\n    at D:\\WebStormProjects\\node-express\\21-Topshiriq\\node_modules\\mongodb\\lib\\cmap\\connection_pool.js:350:13\n    at handleOperationResult (D:\\WebStormProjects\\node-express\\21-Topshiriq\\node_modules\\mongodb\\lib\\core\\sdam\\server.js:558:5)\n    at MessageStream.messageHandler (D:\\WebStormProjects\\node-express\\21-Topshiriq\\node_modules\\mongodb\\lib\\cmap\\connection.js:277:5)\n    at MessageStream.emit (events.js:311:20)\n    at processIncomingData (D:\\WebStormProjects\\node-express\\21-Topshiriq\\node_modules\\mongodb\\lib\\cmap\\message_stream.js:144:12)\n    at MessageStream._write (D:\\WebStormProjects\\node-express\\21-Topshiriq\\node_modules\\mongodb\\lib\\cmap\\message_stream.js:42:5)\n    at doWrite (_stream_writable.js:441:12)\n    at writeOrBuffer (_stream_writable.js:425:5)\n    at MessageStream.Writable.write (_stream_writable.js:316:11)\n    at Socket.ondata (_stream_readable.js:714:22)\n    at Socket.emit (events.js:311:20)\n    at addChunk (_stream_readable.js:294:12)\n    at readableAddChunk (_stream_readable.js:275:11)\n    at Socket.Readable.push (_stream_readable.js:209:10)\n    at TCP.onStreamRead (internal/stream_base_commons.js:186:23)"}
{"message":"Hello there!","level":"info"}
{"message":"Testing errors too!","level":"error"}
{"message":"5000 port listening...","level":"info"}
{"message":"MongoDBga ulanish hosil qilindi...","level":"debug"}
{"driver":true,"name":"MongoError","index":0,"code":11000,"keyPattern":{"name":1},"keyValue":{"name":"dasturlash"},"level":"error","message":"E11000 duplicate key error collection: onlineClassDB.categories index: name_1 dup key: { name: \"dasturlash\" } E11000 duplicate key error collection: onlineClassDB.categories index: name_1 dup key: { name: \"dasturlash\" }","stack":"MongoError: E11000 duplicate key error collection: onlineClassDB.categories index: name_1 dup key: { name: \"dasturlash\" }\n    at Function.create (D:\\WebStormProjects\\node-express\\21-Topshiriq\\node_modules\\mongodb\\lib\\core\\error.js:57:12)\n    at toError (D:\\WebStormProjects\\node-express\\21-Topshiriq\\node_modules\\mongodb\\lib\\utils.js:123:22)\n    at D:\\WebStormProjects\\node-express\\21-Topshiriq\\node_modules\\mongodb\\lib\\operations\\common_functions.js:265:39\n    at handler (D:\\WebStormProjects\\node-express\\21-Topshiriq\\node_modules\\mongodb\\lib\\core\\sdam\\topology.js:942:24)\n    at D:\\WebStormProjects\\node-express\\21-Topshiriq\\node_modules\\mongodb\\lib\\cmap\\connection_pool.js:350:13\n    at handleOperationResult (D:\\WebStormProjects\\node-express\\21-Topshiriq\\node_modules\\mongodb\\lib\\core\\sdam\\server.js:558:5)\n    at MessageStream.messageHandler (D:\\WebStormProjects\\node-express\\21-Topshiriq\\node_modules\\mongodb\\lib\\cmap\\connection.js:277:5)\n    at MessageStream.emit (events.js:311:20)\n    at processIncomingData (D:\\WebStormProjects\\node-express\\21-Topshiriq\\node_modules\\mongodb\\lib\\cmap\\message_stream.js:144:12)\n    at MessageStream._write (D:\\WebStormProjects\\node-express\\21-Topshiriq\\node_modules\\mongodb\\lib\\cmap\\message_stream.js:42:5)\n    at doWrite (_stream_writable.js:441:12)\n    at writeOrBuffer (_stream_writable.js:425:5)\n    at MessageStream.Writable.write (_stream_writable.js:316:11)\n    at Socket.ondata (_stream_readable.js:714:22)\n    at Socket.emit (events.js:311:20)\n    at addChunk (_stream_readable.js:294:12)\n    at readableAddChunk (_stream_readable.js:275:11)\n    at Socket.Readable.push (_stream_readable.js:209:10)\n    at TCP.onStreamRead (internal/stream_base_commons.js:186:23)"}
{"message":"Hello there!","level":"info"}
{"message":"Testing errors too!","level":"error"}
{"message":"5000 port listening...","level":"info"}
{"message":"MongoDBga ulanish hosil qilindi...","level":"debug"}
{"driver":true,"name":"MongoError","index":0,"code":11000,"keyPattern":{"name":1},"keyValue":{"name":"Programming Language"},"level":"error","message":"E11000 duplicate key error collection: onlineClassDB.categories index: name_1 dup key: { name: \"Programming Language\" } E11000 duplicate key error collection: onlineClassDB.categories index: name_1 dup key: { name: \"Programming Language\" }","stack":"MongoError: E11000 duplicate key error collection: onlineClassDB.categories index: name_1 dup key: { name: \"Programming Language\" }\n    at Function.create (D:\\WebStormProjects\\node-express\\21-Topshiriq\\node_modules\\mongodb\\lib\\core\\error.js:57:12)\n    at toError (D:\\WebStormProjects\\node-express\\21-Topshiriq\\node_modules\\mongodb\\lib\\utils.js:123:22)\n    at D:\\WebStormProjects\\node-express\\21-Topshiriq\\node_modules\\mongodb\\lib\\operations\\common_functions.js:265:39\n    at handler (D:\\WebStormProjects\\node-express\\21-Topshiriq\\node_modules\\mongodb\\lib\\core\\sdam\\topology.js:942:24)\n    at D:\\WebStormProjects\\node-express\\21-Topshiriq\\node_modules\\mongodb\\lib\\cmap\\connection_pool.js:350:13\n    at handleOperationResult (D:\\WebStormProjects\\node-express\\21-Topshiriq\\node_modules\\mongodb\\lib\\core\\sdam\\server.js:558:5)\n    at MessageStream.messageHandler (D:\\WebStormProjects\\node-express\\21-Topshiriq\\node_modules\\mongodb\\lib\\cmap\\connection.js:277:5)\n    at MessageStream.emit (events.js:311:20)\n    at processIncomingData (D:\\WebStormProjects\\node-express\\21-Topshiriq\\node_modules\\mongodb\\lib\\cmap\\message_stream.js:144:12)\n    at MessageStream._write (D:\\WebStormProjects\\node-express\\21-Topshiriq\\node_modules\\mongodb\\lib\\cmap\\message_stream.js:42:5)\n    at doWrite (_stream_writable.js:441:12)\n    at writeOrBuffer (_stream_writable.js:425:5)\n    at MessageStream.Writable.write (_stream_writable.js:316:11)\n    at Socket.ondata (_stream_readable.js:714:22)\n    at Socket.emit (events.js:311:20)\n    at addChunk (_stream_readable.js:294:12)\n    at readableAddChunk (_stream_readable.js:275:11)\n    at Socket.Readable.push (_stream_readable.js:209:10)\n    at TCP.onStreamRead (internal/stream_base_commons.js:186:23)"}
{"driver":true,"name":"MongoError","index":0,"code":11000,"keyPattern":{"name":1},"keyValue":{"name":"Programming Language"},"level":"error","message":"E11000 duplicate key error collection: onlineClassDB.categories index: name_1 dup key: { name: \"Programming Language\" } E11000 duplicate key error collection: onlineClassDB.categories index: name_1 dup key: { name: \"Programming Language\" }","stack":"MongoError: E11000 duplicate key error collection: onlineClassDB.categories index: name_1 dup key: { name: \"Programming Language\" }\n    at Function.create (D:\\WebStormProjects\\node-express\\21-Topshiriq\\node_modules\\mongodb\\lib\\core\\error.js:57:12)\n    at toError (D:\\WebStormProjects\\node-express\\21-Topshiriq\\node_modules\\mongodb\\lib\\utils.js:123:22)\n    at D:\\WebStormProjects\\node-express\\21-Topshiriq\\node_modules\\mongodb\\lib\\operations\\common_functions.js:265:39\n    at handler (D:\\WebStormProjects\\node-express\\21-Topshiriq\\node_modules\\mongodb\\lib\\core\\sdam\\topology.js:942:24)\n    at D:\\WebStormProjects\\node-express\\21-Topshiriq\\node_modules\\mongodb\\lib\\cmap\\connection_pool.js:350:13\n    at handleOperationResult (D:\\WebStormProjects\\node-express\\21-Topshiriq\\node_modules\\mongodb\\lib\\core\\sdam\\server.js:558:5)\n    at MessageStream.messageHandler (D:\\WebStormProjects\\node-express\\21-Topshiriq\\node_modules\\mongodb\\lib\\cmap\\connection.js:277:5)\n    at MessageStream.emit (events.js:311:20)\n    at processIncomingData (D:\\WebStormProjects\\node-express\\21-Topshiriq\\node_modules\\mongodb\\lib\\cmap\\message_stream.js:144:12)\n    at MessageStream._write (D:\\WebStormProjects\\node-express\\21-Topshiriq\\node_modules\\mongodb\\lib\\cmap\\message_stream.js:42:5)\n    at doWrite (_stream_writable.js:441:12)\n    at writeOrBuffer (_stream_writable.js:425:5)\n    at MessageStream.Writable.write (_stream_writable.js:316:11)\n    at Socket.ondata (_stream_readable.js:714:22)\n    at Socket.emit (events.js:311:20)\n    at addChunk (_stream_readable.js:294:12)\n    at readableAddChunk (_stream_readable.js:275:11)\n    at Socket.Readable.push (_stream_readable.js:209:10)\n    at TCP.onStreamRead (internal/stream_base_commons.js:186:23)"}
{"message":"Hello there!","level":"info"}
{"message":"Testing errors too!","level":"error"}
{"message":"5000 port listening...","level":"info"}
{"message":"MongoDBga ulanish hosil qilindi...","level":"debug"}
{"driver":true,"name":"MongoError","index":0,"code":11000,"keyPattern":{"name":1},"keyValue":{"name":"Database"},"level":"error","message":"E11000 duplicate key error collection: onlineClassDB.categories index: name_1 dup key: { name: \"Database\" } E11000 duplicate key error collection: onlineClassDB.categories index: name_1 dup key: { name: \"Database\" }","stack":"MongoError: E11000 duplicate key error collection: onlineClassDB.categories index: name_1 dup key: { name: \"Database\" }\n    at Function.create (D:\\WebStormProjects\\node-express\\21-Topshiriq\\node_modules\\mongodb\\lib\\core\\error.js:57:12)\n    at toError (D:\\WebStormProjects\\node-express\\21-Topshiriq\\node_modules\\mongodb\\lib\\utils.js:123:22)\n    at D:\\WebStormProjects\\node-express\\21-Topshiriq\\node_modules\\mongodb\\lib\\operations\\common_functions.js:265:39\n    at handler (D:\\WebStormProjects\\node-express\\21-Topshiriq\\node_modules\\mongodb\\lib\\core\\sdam\\topology.js:942:24)\n    at D:\\WebStormProjects\\node-express\\21-Topshiriq\\node_modules\\mongodb\\lib\\cmap\\connection_pool.js:350:13\n    at handleOperationResult (D:\\WebStormProjects\\node-express\\21-Topshiriq\\node_modules\\mongodb\\lib\\core\\sdam\\server.js:558:5)\n    at MessageStream.messageHandler (D:\\WebStormProjects\\node-express\\21-Topshiriq\\node_modules\\mongodb\\lib\\cmap\\connection.js:277:5)\n    at MessageStream.emit (events.js:311:20)\n    at processIncomingData (D:\\WebStormProjects\\node-express\\21-Topshiriq\\node_modules\\mongodb\\lib\\cmap\\message_stream.js:144:12)\n    at MessageStream._write (D:\\WebStormProjects\\node-express\\21-Topshiriq\\node_modules\\mongodb\\lib\\cmap\\message_stream.js:42:5)\n    at doWrite (_stream_writable.js:441:12)\n    at writeOrBuffer (_stream_writable.js:425:5)\n    at MessageStream.Writable.write (_stream_writable.js:316:11)\n    at Socket.ondata (_stream_readable.js:714:22)\n    at Socket.emit (events.js:311:20)\n    at addChunk (_stream_readable.js:294:12)\n    at readableAddChunk (_stream_readable.js:275:11)\n    at Socket.Readable.push (_stream_readable.js:209:10)\n    at TCP.onStreamRead (internal/stream_base_commons.js:186:23)"}
{"message":"Hello there!","level":"info"}
{"message":"Testing errors too!","level":"error"}
{"message":"5000 port listening...","level":"info"}
{"message":"MongoDBga ulanish hosil qilindi...","level":"debug"}
{"driver":true,"name":"MongoError","index":0,"code":11000,"keyPattern":{"name":1},"keyValue":{"name":"Database"},"level":"error","message":"E11000 duplicate key error collection: onlineClassDB.categories index: name_1 dup key: { name: \"Database\" } E11000 duplicate key error collection: onlineClassDB.categories index: name_1 dup key: { name: \"Database\" }","stack":"MongoError: E11000 duplicate key error collection: onlineClassDB.categories index: name_1 dup key: { name: \"Database\" }\n    at Function.create (D:\\WebStormProjects\\node-express\\21-Topshiriq\\node_modules\\mongodb\\lib\\core\\error.js:57:12)\n    at toError (D:\\WebStormProjects\\node-express\\21-Topshiriq\\node_modules\\mongodb\\lib\\utils.js:123:22)\n    at D:\\WebStormProjects\\node-express\\21-Topshiriq\\node_modules\\mongodb\\lib\\operations\\common_functions.js:265:39\n    at handler (D:\\WebStormProjects\\node-express\\21-Topshiriq\\node_modules\\mongodb\\lib\\core\\sdam\\topology.js:942:24)\n    at D:\\WebStormProjects\\node-express\\21-Topshiriq\\node_modules\\mongodb\\lib\\cmap\\connection_pool.js:350:13\n    at handleOperationResult (D:\\WebStormProjects\\node-express\\21-Topshiriq\\node_modules\\mongodb\\lib\\core\\sdam\\server.js:558:5)\n    at MessageStream.messageHandler (D:\\WebStormProjects\\node-express\\21-Topshiriq\\node_modules\\mongodb\\lib\\cmap\\connection.js:277:5)\n    at MessageStream.emit (events.js:311:20)\n    at processIncomingData (D:\\WebStormProjects\\node-express\\21-Topshiriq\\node_modules\\mongodb\\lib\\cmap\\message_stream.js:144:12)\n    at MessageStream._write (D:\\WebStormProjects\\node-express\\21-Topshiriq\\node_modules\\mongodb\\lib\\cmap\\message_stream.js:42:5)\n    at doWrite (_stream_writable.js:441:12)\n    at writeOrBuffer (_stream_writable.js:425:5)\n    at MessageStream.Writable.write (_stream_writable.js:316:11)\n    at Socket.ondata (_stream_readable.js:714:22)\n    at Socket.emit (events.js:311:20)\n    at addChunk (_stream_readable.js:294:12)\n    at readableAddChunk (_stream_readable.js:275:11)\n    at Socket.Readable.push (_stream_readable.js:209:10)\n    at TCP.onStreamRead (internal/stream_base_commons.js:186:23)"}
{"driver":true,"name":"MongoError","index":0,"code":11000,"keyPattern":{"name":1},"keyValue":{"name":"Database"},"level":"error","message":"E11000 duplicate key error collection: onlineClassDB.categories index: name_1 dup key: { name: \"Database\" } E11000 duplicate key error collection: onlineClassDB.categories index: name_1 dup key: { name: \"Database\" }","stack":"MongoError: E11000 duplicate key error collection: onlineClassDB.categories index: name_1 dup key: { name: \"Database\" }\n    at Function.create (D:\\WebStormProjects\\node-express\\21-Topshiriq\\node_modules\\mongodb\\lib\\core\\error.js:57:12)\n    at toError (D:\\WebStormProjects\\node-express\\21-Topshiriq\\node_modules\\mongodb\\lib\\utils.js:123:22)\n    at D:\\WebStormProjects\\node-express\\21-Topshiriq\\node_modules\\mongodb\\lib\\operations\\common_functions.js:265:39\n    at handler (D:\\WebStormProjects\\node-express\\21-Topshiriq\\node_modules\\mongodb\\lib\\core\\sdam\\topology.js:942:24)\n    at D:\\WebStormProjects\\node-express\\21-Topshiriq\\node_modules\\mongodb\\lib\\cmap\\connection_pool.js:350:13\n    at handleOperationResult (D:\\WebStormProjects\\node-express\\21-Topshiriq\\node_modules\\mongodb\\lib\\core\\sdam\\server.js:558:5)\n    at MessageStream.messageHandler (D:\\WebStormProjects\\node-express\\21-Topshiriq\\node_modules\\mongodb\\lib\\cmap\\connection.js:277:5)\n    at MessageStream.emit (events.js:311:20)\n    at processIncomingData (D:\\WebStormProjects\\node-express\\21-Topshiriq\\node_modules\\mongodb\\lib\\cmap\\message_stream.js:144:12)\n    at MessageStream._write (D:\\WebStormProjects\\node-express\\21-Topshiriq\\node_modules\\mongodb\\lib\\cmap\\message_stream.js:42:5)\n    at doWrite (_stream_writable.js:441:12)\n    at writeOrBuffer (_stream_writable.js:425:5)\n    at MessageStream.Writable.write (_stream_writable.js:316:11)\n    at Socket.ondata (_stream_readable.js:714:22)\n    at Socket.emit (events.js:311:20)\n    at addChunk (_stream_readable.js:294:12)\n    at readableAddChunk (_stream_readable.js:275:11)\n    at Socket.Readable.push (_stream_readable.js:209:10)\n    at TCP.onStreamRead (internal/stream_base_commons.js:186:23)"}
{"message":"Hello there!","level":"info"}
{"message":"Testing errors too!","level":"error"}
{"message":"5000 port listening...","level":"info"}
{"message":"MongoDBga ulanish hosil qilindi...","level":"debug"}
{"driver":true,"name":"MongoError","index":0,"code":11000,"keyPattern":{"name":1},"keyValue":{"name":"Database"},"level":"error","message":"E11000 duplicate key error collection: onlineClassDB.categories index: name_1 dup key: { name: \"Database\" } E11000 duplicate key error collection: onlineClassDB.categories index: name_1 dup key: { name: \"Database\" }","stack":"MongoError: E11000 duplicate key error collection: onlineClassDB.categories index: name_1 dup key: { name: \"Database\" }\n    at Function.create (D:\\WebStormProjects\\node-express\\21-Topshiriq\\node_modules\\mongodb\\lib\\core\\error.js:57:12)\n    at toError (D:\\WebStormProjects\\node-express\\21-Topshiriq\\node_modules\\mongodb\\lib\\utils.js:123:22)\n    at D:\\WebStormProjects\\node-express\\21-Topshiriq\\node_modules\\mongodb\\lib\\operations\\common_functions.js:265:39\n    at handler (D:\\WebStormProjects\\node-express\\21-Topshiriq\\node_modules\\mongodb\\lib\\core\\sdam\\topology.js:942:24)\n    at D:\\WebStormProjects\\node-express\\21-Topshiriq\\node_modules\\mongodb\\lib\\cmap\\connection_pool.js:350:13\n    at handleOperationResult (D:\\WebStormProjects\\node-express\\21-Topshiriq\\node_modules\\mongodb\\lib\\core\\sdam\\server.js:558:5)\n    at MessageStream.messageHandler (D:\\WebStormProjects\\node-express\\21-Topshiriq\\node_modules\\mongodb\\lib\\cmap\\connection.js:277:5)\n    at MessageStream.emit (events.js:311:20)\n    at processIncomingData (D:\\WebStormProjects\\node-express\\21-Topshiriq\\node_modules\\mongodb\\lib\\cmap\\message_stream.js:144:12)\n    at MessageStream._write (D:\\WebStormProjects\\node-express\\21-Topshiriq\\node_modules\\mongodb\\lib\\cmap\\message_stream.js:42:5)\n    at doWrite (_stream_writable.js:441:12)\n    at writeOrBuffer (_stream_writable.js:425:5)\n    at MessageStream.Writable.write (_stream_writable.js:316:11)\n    at Socket.ondata (_stream_readable.js:714:22)\n    at Socket.emit (events.js:311:20)\n    at addChunk (_stream_readable.js:294:12)\n    at readableAddChunk (_stream_readable.js:275:11)\n    at Socket.Readable.push (_stream_readable.js:209:10)\n    at TCP.onStreamRead (internal/stream_base_commons.js:186:23)"}
{"driver":true,"name":"MongoError","index":0,"code":11000,"keyPattern":{"name":1},"keyValue":{"name":"Database"},"level":"error","message":"E11000 duplicate key error collection: onlineClassDB.categories index: name_1 dup key: { name: \"Database\" } E11000 duplicate key error collection: onlineClassDB.categories index: name_1 dup key: { name: \"Database\" }","stack":"MongoError: E11000 duplicate key error collection: onlineClassDB.categories index: name_1 dup key: { name: \"Database\" }\n    at Function.create (D:\\WebStormProjects\\node-express\\21-Topshiriq\\node_modules\\mongodb\\lib\\core\\error.js:57:12)\n    at toError (D:\\WebStormProjects\\node-express\\21-Topshiriq\\node_modules\\mongodb\\lib\\utils.js:123:22)\n    at D:\\WebStormProjects\\node-express\\21-Topshiriq\\node_modules\\mongodb\\lib\\operations\\common_functions.js:265:39\n    at handler (D:\\WebStormProjects\\node-express\\21-Topshiriq\\node_modules\\mongodb\\lib\\core\\sdam\\topology.js:942:24)\n    at D:\\WebStormProjects\\node-express\\21-Topshiriq\\node_modules\\mongodb\\lib\\cmap\\connection_pool.js:350:13\n    at handleOperationResult (D:\\WebStormProjects\\node-express\\21-Topshiriq\\node_modules\\mongodb\\lib\\core\\sdam\\server.js:558:5)\n    at MessageStream.messageHandler (D:\\WebStormProjects\\node-express\\21-Topshiriq\\node_modules\\mongodb\\lib\\cmap\\connection.js:277:5)\n    at MessageStream.emit (events.js:311:20)\n    at processIncomingData (D:\\WebStormProjects\\node-express\\21-Topshiriq\\node_modules\\mongodb\\lib\\cmap\\message_stream.js:144:12)\n    at MessageStream._write (D:\\WebStormProjects\\node-express\\21-Topshiriq\\node_modules\\mongodb\\lib\\cmap\\message_stream.js:42:5)\n    at doWrite (_stream_writable.js:441:12)\n    at writeOrBuffer (_stream_writable.js:425:5)\n    at MessageStream.Writable.write (_stream_writable.js:316:11)\n    at Socket.ondata (_stream_readable.js:714:22)\n    at Socket.emit (events.js:311:20)\n    at addChunk (_stream_readable.js:294:12)\n    at readableAddChunk (_stream_readable.js:275:11)\n    at Socket.Readable.push (_stream_readable.js:209:10)\n    at TCP.onStreamRead (internal/stream_base_commons.js:186:23)"}
{"message":"Hello there!","level":"info"}
{"message":"Testing errors too!","level":"error"}
{"message":"5000 port listening...","level":"info"}
{"message":"MongoDBga ulanish hosil qilindi...","level":"debug"}
{"message":"Hello there!","level":"info"}
{"message":"Testing errors too!","level":"error"}
{"message":"5000 port listening...","level":"info"}
{"message":"MongoDBga ulanish hosil qilindi...","level":"debug"}
{"message":"Hello there!","level":"info"}
{"message":"Testing errors too!","level":"error"}
{"message":"5000 port listening...","level":"info"}
{"message":"MongoDBga ulanish hosil qilindi...","level":"debug"}
{"driver":true,"name":"MongoError","index":0,"code":11000,"keyPattern":{"name":1},"keyValue":{"name":"Database"},"level":"error","message":"E11000 duplicate key error collection: onlineClassDB.categories index: name_1 dup key: { name: \"Database\" } E11000 duplicate key error collection: onlineClassDB.categories index: name_1 dup key: { name: \"Database\" }","stack":"MongoError: E11000 duplicate key error collection: onlineClassDB.categories index: name_1 dup key: { name: \"Database\" }\n    at Function.create (D:\\WebStormProjects\\node-express\\21-Topshiriq\\node_modules\\mongodb\\lib\\core\\error.js:57:12)\n    at toError (D:\\WebStormProjects\\node-express\\21-Topshiriq\\node_modules\\mongodb\\lib\\utils.js:123:22)\n    at D:\\WebStormProjects\\node-express\\21-Topshiriq\\node_modules\\mongodb\\lib\\operations\\common_functions.js:265:39\n    at handler (D:\\WebStormProjects\\node-express\\21-Topshiriq\\node_modules\\mongodb\\lib\\core\\sdam\\topology.js:942:24)\n    at D:\\WebStormProjects\\node-express\\21-Topshiriq\\node_modules\\mongodb\\lib\\cmap\\connection_pool.js:350:13\n    at handleOperationResult (D:\\WebStormProjects\\node-express\\21-Topshiriq\\node_modules\\mongodb\\lib\\core\\sdam\\server.js:558:5)\n    at MessageStream.messageHandler (D:\\WebStormProjects\\node-express\\21-Topshiriq\\node_modules\\mongodb\\lib\\cmap\\connection.js:277:5)\n    at MessageStream.emit (events.js:311:20)\n    at processIncomingData (D:\\WebStormProjects\\node-express\\21-Topshiriq\\node_modules\\mongodb\\lib\\cmap\\message_stream.js:144:12)\n    at MessageStream._write (D:\\WebStormProjects\\node-express\\21-Topshiriq\\node_modules\\mongodb\\lib\\cmap\\message_stream.js:42:5)\n    at doWrite (_stream_writable.js:441:12)\n    at writeOrBuffer (_stream_writable.js:425:5)\n    at MessageStream.Writable.write (_stream_writable.js:316:11)\n    at Socket.ondata (_stream_readable.js:714:22)\n    at Socket.emit (events.js:311:20)\n    at addChunk (_stream_readable.js:294:12)\n    at readableAddChunk (_stream_readable.js:275:11)\n    at Socket.Readable.push (_stream_readable.js:209:10)\n    at TCP.onStreamRead (internal/stream_base_commons.js:186:23)"}
{"driver":true,"name":"MongoError","index":0,"code":11000,"keyPattern":{"name":1},"keyValue":{"name":"Database"},"level":"error","message":"E11000 duplicate key error collection: onlineClassDB.categories index: name_1 dup key: { name: \"Database\" } E11000 duplicate key error collection: onlineClassDB.categories index: name_1 dup key: { name: \"Database\" }","stack":"MongoError: E11000 duplicate key error collection: onlineClassDB.categories index: name_1 dup key: { name: \"Database\" }\n    at Function.create (D:\\WebStormProjects\\node-express\\21-Topshiriq\\node_modules\\mongodb\\lib\\core\\error.js:57:12)\n    at toError (D:\\WebStormProjects\\node-express\\21-Topshiriq\\node_modules\\mongodb\\lib\\utils.js:123:22)\n    at D:\\WebStormProjects\\node-express\\21-Topshiriq\\node_modules\\mongodb\\lib\\operations\\common_functions.js:265:39\n    at handler (D:\\WebStormProjects\\node-express\\21-Topshiriq\\node_modules\\mongodb\\lib\\core\\sdam\\topology.js:942:24)\n    at D:\\WebStormProjects\\node-express\\21-Topshiriq\\node_modules\\mongodb\\lib\\cmap\\connection_pool.js:350:13\n    at handleOperationResult (D:\\WebStormProjects\\node-express\\21-Topshiriq\\node_modules\\mongodb\\lib\\core\\sdam\\server.js:558:5)\n    at MessageStream.messageHandler (D:\\WebStormProjects\\node-express\\21-Topshiriq\\node_modules\\mongodb\\lib\\cmap\\connection.js:277:5)\n    at MessageStream.emit (events.js:311:20)\n    at processIncomingData (D:\\WebStormProjects\\node-express\\21-Topshiriq\\node_modules\\mongodb\\lib\\cmap\\message_stream.js:144:12)\n    at MessageStream._write (D:\\WebStormProjects\\node-express\\21-Topshiriq\\node_modules\\mongodb\\lib\\cmap\\message_stream.js:42:5)\n    at doWrite (_stream_writable.js:441:12)\n    at writeOrBuffer (_stream_writable.js:425:5)\n    at MessageStream.Writable.write (_stream_writable.js:316:11)\n    at Socket.ondata (_stream_readable.js:714:22)\n    at Socket.emit (events.js:311:20)\n    at addChunk (_stream_readable.js:294:12)\n    at readableAddChunk (_stream_readable.js:275:11)\n    at Socket.Readable.push (_stream_readable.js:209:10)\n    at TCP.onStreamRead (internal/stream_base_commons.js:186:23)"}
{"message":"Hello there!","level":"info"}
{"message":"Testing errors too!","level":"error"}
{"message":"5000 port listening...","level":"info"}
{"message":"MongoDBga ulanish hosil qilindi...","level":"debug"}
{"driver":true,"name":"MongoError","index":0,"code":11000,"keyPattern":{"name":1},"keyValue":{"name":"Database"},"level":"error","message":"E11000 duplicate key error collection: onlineClassDB.categories index: name_1 dup key: { name: \"Database\" } E11000 duplicate key error collection: onlineClassDB.categories index: name_1 dup key: { name: \"Database\" }","stack":"MongoError: E11000 duplicate key error collection: onlineClassDB.categories index: name_1 dup key: { name: \"Database\" }\n    at Function.create (D:\\WebStormProjects\\node-express\\21-Topshiriq\\node_modules\\mongodb\\lib\\core\\error.js:57:12)\n    at toError (D:\\WebStormProjects\\node-express\\21-Topshiriq\\node_modules\\mongodb\\lib\\utils.js:123:22)\n    at D:\\WebStormProjects\\node-express\\21-Topshiriq\\node_modules\\mongodb\\lib\\operations\\common_functions.js:265:39\n    at handler (D:\\WebStormProjects\\node-express\\21-Topshiriq\\node_modules\\mongodb\\lib\\core\\sdam\\topology.js:942:24)\n    at D:\\WebStormProjects\\node-express\\21-Topshiriq\\node_modules\\mongodb\\lib\\cmap\\connection_pool.js:350:13\n    at handleOperationResult (D:\\WebStormProjects\\node-express\\21-Topshiriq\\node_modules\\mongodb\\lib\\core\\sdam\\server.js:558:5)\n    at MessageStream.messageHandler (D:\\WebStormProjects\\node-express\\21-Topshiriq\\node_modules\\mongodb\\lib\\cmap\\connection.js:277:5)\n    at MessageStream.emit (events.js:311:20)\n    at processIncomingData (D:\\WebStormProjects\\node-express\\21-Topshiriq\\node_modules\\mongodb\\lib\\cmap\\message_stream.js:144:12)\n    at MessageStream._write (D:\\WebStormProjects\\node-express\\21-Topshiriq\\node_modules\\mongodb\\lib\\cmap\\message_stream.js:42:5)\n    at doWrite (_stream_writable.js:441:12)\n    at writeOrBuffer (_stream_writable.js:425:5)\n    at MessageStream.Writable.write (_stream_writable.js:316:11)\n    at Socket.ondata (_stream_readable.js:714:22)\n    at Socket.emit (events.js:311:20)\n    at addChunk (_stream_readable.js:294:12)\n    at readableAddChunk (_stream_readable.js:275:11)\n    at Socket.Readable.push (_stream_readable.js:209:10)\n    at TCP.onStreamRead (internal/stream_base_commons.js:186:23)"}
{"driver":true,"name":"MongoError","index":0,"code":11000,"keyPattern":{"name":1},"keyValue":{"name":"Database"},"level":"error","message":"E11000 duplicate key error collection: onlineClassDB.categories index: name_1 dup key: { name: \"Database\" } E11000 duplicate key error collection: onlineClassDB.categories index: name_1 dup key: { name: \"Database\" }","stack":"MongoError: E11000 duplicate key error collection: onlineClassDB.categories index: name_1 dup key: { name: \"Database\" }\n    at Function.create (D:\\WebStormProjects\\node-express\\21-Topshiriq\\node_modules\\mongodb\\lib\\core\\error.js:57:12)\n    at toError (D:\\WebStormProjects\\node-express\\21-Topshiriq\\node_modules\\mongodb\\lib\\utils.js:123:22)\n    at D:\\WebStormProjects\\node-express\\21-Topshiriq\\node_modules\\mongodb\\lib\\operations\\common_functions.js:265:39\n    at handler (D:\\WebStormProjects\\node-express\\21-Topshiriq\\node_modules\\mongodb\\lib\\core\\sdam\\topology.js:942:24)\n    at D:\\WebStormProjects\\node-express\\21-Topshiriq\\node_modules\\mongodb\\lib\\cmap\\connection_pool.js:350:13\n    at handleOperationResult (D:\\WebStormProjects\\node-express\\21-Topshiriq\\node_modules\\mongodb\\lib\\core\\sdam\\server.js:558:5)\n    at MessageStream.messageHandler (D:\\WebStormProjects\\node-express\\21-Topshiriq\\node_modules\\mongodb\\lib\\cmap\\connection.js:277:5)\n    at MessageStream.emit (events.js:311:20)\n    at processIncomingData (D:\\WebStormProjects\\node-express\\21-Topshiriq\\node_modules\\mongodb\\lib\\cmap\\message_stream.js:144:12)\n    at MessageStream._write (D:\\WebStormProjects\\node-express\\21-Topshiriq\\node_modules\\mongodb\\lib\\cmap\\message_stream.js:42:5)\n    at doWrite (_stream_writable.js:441:12)\n    at writeOrBuffer (_stream_writable.js:425:5)\n    at MessageStream.Writable.write (_stream_writable.js:316:11)\n    at Socket.ondata (_stream_readable.js:714:22)\n    at Socket.emit (events.js:311:20)\n    at addChunk (_stream_readable.js:294:12)\n    at readableAddChunk (_stream_readable.js:275:11)\n    at Socket.Readable.push (_stream_readable.js:209:10)\n    at TCP.onStreamRead (internal/stream_base_commons.js:186:23)"}
{"message":"Hello there!","level":"info"}
{"message":"Testing errors too!","level":"error"}
{"message":"5000 port listening...","level":"info"}
{"message":"MongoDBga ulanish hosil qilindi...","level":"debug"}
{"driver":true,"name":"MongoError","index":0,"code":11000,"keyPattern":{"name":1},"keyValue":{"name":"Database"},"level":"error","message":"E11000 duplicate key error collection: onlineClassDB.categories index: name_1 dup key: { name: \"Database\" } E11000 duplicate key error collection: onlineClassDB.categories index: name_1 dup key: { name: \"Database\" }","stack":"MongoError: E11000 duplicate key error collection: onlineClassDB.categories index: name_1 dup key: { name: \"Database\" }\n    at Function.create (D:\\WebStormProjects\\node-express\\21-Topshiriq\\node_modules\\mongodb\\lib\\core\\error.js:57:12)\n    at toError (D:\\WebStormProjects\\node-express\\21-Topshiriq\\node_modules\\mongodb\\lib\\utils.js:123:22)\n    at D:\\WebStormProjects\\node-express\\21-Topshiriq\\node_modules\\mongodb\\lib\\operations\\common_functions.js:265:39\n    at handler (D:\\WebStormProjects\\node-express\\21-Topshiriq\\node_modules\\mongodb\\lib\\core\\sdam\\topology.js:942:24)\n    at D:\\WebStormProjects\\node-express\\21-Topshiriq\\node_modules\\mongodb\\lib\\cmap\\connection_pool.js:350:13\n    at handleOperationResult (D:\\WebStormProjects\\node-express\\21-Topshiriq\\node_modules\\mongodb\\lib\\core\\sdam\\server.js:558:5)\n    at MessageStream.messageHandler (D:\\WebStormProjects\\node-express\\21-Topshiriq\\node_modules\\mongodb\\lib\\cmap\\connection.js:277:5)\n    at MessageStream.emit (events.js:311:20)\n    at processIncomingData (D:\\WebStormProjects\\node-express\\21-Topshiriq\\node_modules\\mongodb\\lib\\cmap\\message_stream.js:144:12)\n    at MessageStream._write (D:\\WebStormProjects\\node-express\\21-Topshiriq\\node_modules\\mongodb\\lib\\cmap\\message_stream.js:42:5)\n    at doWrite (_stream_writable.js:441:12)\n    at writeOrBuffer (_stream_writable.js:425:5)\n    at MessageStream.Writable.write (_stream_writable.js:316:11)\n    at Socket.ondata (_stream_readable.js:714:22)\n    at Socket.emit (events.js:311:20)\n    at addChunk (_stream_readable.js:294:12)\n    at readableAddChunk (_stream_readable.js:275:11)\n    at Socket.Readable.push (_stream_readable.js:209:10)\n    at TCP.onStreamRead (internal/stream_base_commons.js:186:23)"}
{"message":"Hello there!","level":"info"}
{"message":"Testing errors too!","level":"error"}
{"message":"5000 port listening...","level":"info"}
{"message":"MongoDBga ulanish hosil qilindi...","level":"debug"}
{"driver":true,"name":"MongoError","index":0,"code":11000,"keyPattern":{"name":1},"keyValue":{"name":"Database"},"level":"error","message":"E11000 duplicate key error collection: onlineClassDB.categories index: name_1 dup key: { name: \"Database\" } E11000 duplicate key error collection: onlineClassDB.categories index: name_1 dup key: { name: \"Database\" }","stack":"MongoError: E11000 duplicate key error collection: onlineClassDB.categories index: name_1 dup key: { name: \"Database\" }\n    at Function.create (D:\\WebStormProjects\\node-express\\21-Topshiriq\\node_modules\\mongodb\\lib\\core\\error.js:57:12)\n    at toError (D:\\WebStormProjects\\node-express\\21-Topshiriq\\node_modules\\mongodb\\lib\\utils.js:123:22)\n    at D:\\WebStormProjects\\node-express\\21-Topshiriq\\node_modules\\mongodb\\lib\\operations\\common_functions.js:265:39\n    at handler (D:\\WebStormProjects\\node-express\\21-Topshiriq\\node_modules\\mongodb\\lib\\core\\sdam\\topology.js:942:24)\n    at D:\\WebStormProjects\\node-express\\21-Topshiriq\\node_modules\\mongodb\\lib\\cmap\\connection_pool.js:350:13\n    at handleOperationResult (D:\\WebStormProjects\\node-express\\21-Topshiriq\\node_modules\\mongodb\\lib\\core\\sdam\\server.js:558:5)\n    at MessageStream.messageHandler (D:\\WebStormProjects\\node-express\\21-Topshiriq\\node_modules\\mongodb\\lib\\cmap\\connection.js:277:5)\n    at MessageStream.emit (events.js:311:20)\n    at processIncomingData (D:\\WebStormProjects\\node-express\\21-Topshiriq\\node_modules\\mongodb\\lib\\cmap\\message_stream.js:144:12)\n    at MessageStream._write (D:\\WebStormProjects\\node-express\\21-Topshiriq\\node_modules\\mongodb\\lib\\cmap\\message_stream.js:42:5)\n    at doWrite (_stream_writable.js:441:12)\n    at writeOrBuffer (_stream_writable.js:425:5)\n    at MessageStream.Writable.write (_stream_writable.js:316:11)\n    at Socket.ondata (_stream_readable.js:714:22)\n    at Socket.emit (events.js:311:20)\n    at addChunk (_stream_readable.js:294:12)\n    at readableAddChunk (_stream_readable.js:275:11)\n    at Socket.Readable.push (_stream_readable.js:209:10)\n    at TCP.onStreamRead (internal/stream_base_commons.js:186:23)"}
{"message":"Hello there!","level":"info"}
{"message":"Testing errors too!","level":"error"}
{"message":"5000 port listening...","level":"info"}
{"message":"MongoDBga ulanish hosil qilindi...","level":"debug"}
{"driver":true,"name":"MongoError","index":0,"code":11000,"keyPattern":{"name":1},"keyValue":{"name":"Database"},"level":"error","message":"E11000 duplicate key error collection: onlineClassDB.categories index: name_1 dup key: { name: \"Database\" } E11000 duplicate key error collection: onlineClassDB.categories index: name_1 dup key: { name: \"Database\" }","stack":"MongoError: E11000 duplicate key error collection: onlineClassDB.categories index: name_1 dup key: { name: \"Database\" }\n    at Function.create (D:\\WebStormProjects\\node-express\\21-Topshiriq\\node_modules\\mongodb\\lib\\core\\error.js:57:12)\n    at toError (D:\\WebStormProjects\\node-express\\21-Topshiriq\\node_modules\\mongodb\\lib\\utils.js:123:22)\n    at D:\\WebStormProjects\\node-express\\21-Topshiriq\\node_modules\\mongodb\\lib\\operations\\common_functions.js:265:39\n    at handler (D:\\WebStormProjects\\node-express\\21-Topshiriq\\node_modules\\mongodb\\lib\\core\\sdam\\topology.js:942:24)\n    at D:\\WebStormProjects\\node-express\\21-Topshiriq\\node_modules\\mongodb\\lib\\cmap\\connection_pool.js:350:13\n    at handleOperationResult (D:\\WebStormProjects\\node-express\\21-Topshiriq\\node_modules\\mongodb\\lib\\core\\sdam\\server.js:558:5)\n    at MessageStream.messageHandler (D:\\WebStormProjects\\node-express\\21-Topshiriq\\node_modules\\mongodb\\lib\\cmap\\connection.js:277:5)\n    at MessageStream.emit (events.js:311:20)\n    at processIncomingData (D:\\WebStormProjects\\node-express\\21-Topshiriq\\node_modules\\mongodb\\lib\\cmap\\message_stream.js:144:12)\n    at MessageStream._write (D:\\WebStormProjects\\node-express\\21-Topshiriq\\node_modules\\mongodb\\lib\\cmap\\message_stream.js:42:5)\n    at doWrite (_stream_writable.js:441:12)\n    at writeOrBuffer (_stream_writable.js:425:5)\n    at MessageStream.Writable.write (_stream_writable.js:316:11)\n    at Socket.ondata (_stream_readable.js:714:22)\n    at Socket.emit (events.js:311:20)\n    at addChunk (_stream_readable.js:294:12)\n    at readableAddChunk (_stream_readable.js:275:11)\n    at Socket.Readable.push (_stream_readable.js:209:10)\n    at TCP.onStreamRead (internal/stream_base_commons.js:186:23)"}
{"message":"Hello there!","level":"info"}
{"message":"Testing errors too!","level":"error"}
{"message":"5000 port listening...","level":"info"}
{"message":"MongoDBga ulanish hosil qilindi...","level":"debug"}
{"driver":true,"name":"MongoError","index":0,"code":11000,"keyPattern":{"name":1},"keyValue":{"name":"Database"},"level":"error","message":"E11000 duplicate key error collection: onlineClassDB.categories index: name_1 dup key: { name: \"Database\" } E11000 duplicate key error collection: onlineClassDB.categories index: name_1 dup key: { name: \"Database\" }","stack":"MongoError: E11000 duplicate key error collection: onlineClassDB.categories index: name_1 dup key: { name: \"Database\" }\n    at Function.create (D:\\WebStormProjects\\node-express\\21-Topshiriq\\node_modules\\mongodb\\lib\\core\\error.js:57:12)\n    at toError (D:\\WebStormProjects\\node-express\\21-Topshiriq\\node_modules\\mongodb\\lib\\utils.js:123:22)\n    at D:\\WebStormProjects\\node-express\\21-Topshiriq\\node_modules\\mongodb\\lib\\operations\\common_functions.js:265:39\n    at handler (D:\\WebStormProjects\\node-express\\21-Topshiriq\\node_modules\\mongodb\\lib\\core\\sdam\\topology.js:942:24)\n    at D:\\WebStormProjects\\node-express\\21-Topshiriq\\node_modules\\mongodb\\lib\\cmap\\connection_pool.js:350:13\n    at handleOperationResult (D:\\WebStormProjects\\node-express\\21-Topshiriq\\node_modules\\mongodb\\lib\\core\\sdam\\server.js:558:5)\n    at MessageStream.messageHandler (D:\\WebStormProjects\\node-express\\21-Topshiriq\\node_modules\\mongodb\\lib\\cmap\\connection.js:277:5)\n    at MessageStream.emit (events.js:311:20)\n    at processIncomingData (D:\\WebStormProjects\\node-express\\21-Topshiriq\\node_modules\\mongodb\\lib\\cmap\\message_stream.js:144:12)\n    at MessageStream._write (D:\\WebStormProjects\\node-express\\21-Topshiriq\\node_modules\\mongodb\\lib\\cmap\\message_stream.js:42:5)\n    at doWrite (_stream_writable.js:441:12)\n    at writeOrBuffer (_stream_writable.js:425:5)\n    at MessageStream.Writable.write (_stream_writable.js:316:11)\n    at Socket.ondata (_stream_readable.js:714:22)\n    at Socket.emit (events.js:311:20)\n    at addChunk (_stream_readable.js:294:12)\n    at readableAddChunk (_stream_readable.js:275:11)\n    at Socket.Readable.push (_stream_readable.js:209:10)\n    at TCP.onStreamRead (internal/stream_base_commons.js:186:23)"}
{"message":"Hello there!","level":"info"}
{"message":"Testing errors too!","level":"error"}
{"message":"5000 port listening...","level":"info"}
{"message":"MongoDBga ulanish hosil qilindi...","level":"debug"}
{"driver":true,"name":"MongoError","index":0,"code":11000,"keyPattern":{"name":1},"keyValue":{"name":"Database"},"level":"error","message":"E11000 duplicate key error collection: onlineClassDB.categories index: name_1 dup key: { name: \"Database\" } E11000 duplicate key error collection: onlineClassDB.categories index: name_1 dup key: { name: \"Database\" }","stack":"MongoError: E11000 duplicate key error collection: onlineClassDB.categories index: name_1 dup key: { name: \"Database\" }\n    at Function.create (D:\\WebStormProjects\\node-express\\21-Topshiriq\\node_modules\\mongodb\\lib\\core\\error.js:57:12)\n    at toError (D:\\WebStormProjects\\node-express\\21-Topshiriq\\node_modules\\mongodb\\lib\\utils.js:123:22)\n    at D:\\WebStormProjects\\node-express\\21-Topshiriq\\node_modules\\mongodb\\lib\\operations\\common_functions.js:265:39\n    at handler (D:\\WebStormProjects\\node-express\\21-Topshiriq\\node_modules\\mongodb\\lib\\core\\sdam\\topology.js:942:24)\n    at D:\\WebStormProjects\\node-express\\21-Topshiriq\\node_modules\\mongodb\\lib\\cmap\\connection_pool.js:350:13\n    at handleOperationResult (D:\\WebStormProjects\\node-express\\21-Topshiriq\\node_modules\\mongodb\\lib\\core\\sdam\\server.js:558:5)\n    at MessageStream.messageHandler (D:\\WebStormProjects\\node-express\\21-Topshiriq\\node_modules\\mongodb\\lib\\cmap\\connection.js:277:5)\n    at MessageStream.emit (events.js:311:20)\n    at processIncomingData (D:\\WebStormProjects\\node-express\\21-Topshiriq\\node_modules\\mongodb\\lib\\cmap\\message_stream.js:144:12)\n    at MessageStream._write (D:\\WebStormProjects\\node-express\\21-Topshiriq\\node_modules\\mongodb\\lib\\cmap\\message_stream.js:42:5)\n    at doWrite (_stream_writable.js:441:12)\n    at writeOrBuffer (_stream_writable.js:425:5)\n    at MessageStream.Writable.write (_stream_writable.js:316:11)\n    at Socket.ondata (_stream_readable.js:714:22)\n    at Socket.emit (events.js:311:20)\n    at addChunk (_stream_readable.js:294:12)\n    at readableAddChunk (_stream_readable.js:275:11)\n    at Socket.Readable.push (_stream_readable.js:209:10)\n    at TCP.onStreamRead (internal/stream_base_commons.js:186:23)"}
{"message":"Hello there!","level":"info"}
{"message":"Testing errors too!","level":"error"}
{"message":"5000 port listening...","level":"info"}
{"message":"MongoDBga ulanish hosil qilindi...","level":"debug"}
{"message":"Hello there!","level":"info"}
{"message":"Testing errors too!","level":"error"}
{"error":{},"level":"error","message":"uncaughtException: Configuration property \"db\" is not defined\nError: Configuration property \"db\" is not defined\n    at Config.get (/home/ubuntu/project/online-backend-class/node_modules/config/lib/config.js:182:11)\n    at module.exports (/home/ubuntu/project/online-backend-class/startup/db.js:6:29)\n    at Object.<anonymous> (/home/ubuntu/project/online-backend-class/index.js:34:24)\n    at Module._compile (internal/modules/cjs/loader.js:778:30)\n    at Object.Module._extensions..js (internal/modules/cjs/loader.js:789:10)\n    at Module.load (internal/modules/cjs/loader.js:653:32)\n    at tryModuleLoad (internal/modules/cjs/loader.js:593:12)\n    at Function.Module._load (internal/modules/cjs/loader.js:585:3)\n    at Function.Module.runMain (internal/modules/cjs/loader.js:831:12)\n    at startup (internal/bootstrap/node.js:283:19)\n    at bootstrapNodeJSCore (internal/bootstrap/node.js:623:3)","stack":"Error: Configuration property \"db\" is not defined\n    at Config.get (/home/ubuntu/project/online-backend-class/node_modules/config/lib/config.js:182:11)\n    at module.exports (/home/ubuntu/project/online-backend-class/startup/db.js:6:29)\n    at Object.<anonymous> (/home/ubuntu/project/online-backend-class/index.js:34:24)\n    at Module._compile (internal/modules/cjs/loader.js:778:30)\n    at Object.Module._extensions..js (internal/modules/cjs/loader.js:789:10)\n    at Module.load (internal/modules/cjs/loader.js:653:32)\n    at tryModuleLoad (internal/modules/cjs/loader.js:593:12)\n    at Function.Module._load (internal/modules/cjs/loader.js:585:3)\n    at Function.Module.runMain (internal/modules/cjs/loader.js:831:12)\n    at startup (internal/bootstrap/node.js:283:19)\n    at bootstrapNodeJSCore (internal/bootstrap/node.js:623:3)","exception":true,"date":"Thu Oct 07 2021 17:45:12 GMT+0000 (Coordinated Universal Time)","process":{"pid":30943,"uid":1000,"gid":1000,"cwd":"/home/ubuntu/project/online-backend-class","execPath":"/usr/bin/node","version":"v10.19.0","argv":["/usr/bin/node","/home/ubuntu/project/online-backend-class/index.js"],"memoryUsage":{"rss":77557760,"heapTotal":57733120,"heapUsed":31055056,"external":19875239}},"os":{"loadavg":[0.7763671875,0.6181640625,0.2685546875],"uptime":3589},"trace":[{"column":11,"file":"/home/ubuntu/project/online-backend-class/node_modules/config/lib/config.js","function":"Config.get","line":182,"method":"get","native":false},{"column":29,"file":"/home/ubuntu/project/online-backend-class/startup/db.js","function":"module.exports","line":6,"method":"exports","native":false},{"column":24,"file":"/home/ubuntu/project/online-backend-class/index.js","function":null,"line":34,"method":null,"native":false},{"column":30,"file":"internal/modules/cjs/loader.js","function":"Module._compile","line":778,"method":"_compile","native":false},{"column":10,"file":"internal/modules/cjs/loader.js","function":"Module._extensions..js","line":789,"method":".js","native":false},{"column":32,"file":"internal/modules/cjs/loader.js","function":"Module.load","line":653,"method":"load","native":false},{"column":12,"file":"internal/modules/cjs/loader.js","function":"tryModuleLoad","line":593,"method":null,"native":false},{"column":3,"file":"internal/modules/cjs/loader.js","function":"Module._load","line":585,"method":"_load","native":false},{"column":12,"file":"internal/modules/cjs/loader.js","function":"Module.runMain","line":831,"method":"runMain","native":false},{"column":19,"file":"internal/bootstrap/node.js","function":"startup","line":283,"method":null,"native":false},{"column":3,"file":"internal/bootstrap/node.js","function":"bootstrapNodeJSCore","line":623,"method":null,"native":false}]}
{"level":"error","message":">> uncaughtException: "}
{"message":"Hello there!","level":"info"}
{"message":"Testing errors too!","level":"error"}
{"message":"5000 port listening...","level":"info"}
